#
# A fatal error has been detected by the Java Runtime Environment:
#
#  EXCEPTION_ACCESS_VIOLATION (0xc0000005) at pc=0x0000000027391066, pid=8020, tid=0x0000000000002954
#
# JRE version: Java(TM) SE Runtime Environment (8.0_221-b11) (build 1.8.0_221-b11)
# Java VM: Java HotSpot(TM) 64-Bit Server VM (25.221-b11 mixed mode windows-amd64 compressed oops)
# Problematic frame:
# C  [OpenAL64.dll+0x11066]
#
# Failed to write core dump. Minidumps are not enabled by default on client versions of Windows
#
# If you would like to submit a bug report, please visit:
#   http://bugreport.java.com/bugreport/crash.jsp
# The crash happened outside the Java Virtual Machine in native code.
# See problematic frame for where to report the bug.
#

---------------  T H R E A D  ---------------

Current thread (0x00000000027f6800):  JavaThread "main" [_thread_in_native, id=10580, stack(0x00000000026f0000,0x00000000027f0000)]

siginfo: ExceptionCode=0xc0000005, reading address 0x0000000026299004

Registers:
RAX=0x000000000002ffff, RBX=0x0000000029a70090, RCX=0x0000000026299008, RDX=0x0000000026299004
RSP=0x00000000027ecb10, RBP=0x00000000000000ff, RSI=0x000000002628a51c, RDI=0x0000000000000000
R8 =0x0000000000003aba, R9 =0x000000002628a51c, R10=0x00000000029085fb, R11=0x000000005df1ce30
R12=0x0000000000000001, R13=0x00000000272bfae0, R14=0x00000000027eccb0, R15=0x00000000027f6800
RIP=0x0000000027391066, EFLAGS=0x0000000000010202

Top of Stack: (sp=0x00000000027ecb10)
0x00000000027ecb10:   0000000000000000 000000001e5b4ac0
0x00000000027ecb20:   00000000026e75f0 00000000027f6800
0x00000000027ecb30:   00000000272bfae0 0000000000000000
0x00000000027ecb40:   00000000027f6800 00000000026e75f0
0x00000000027ecb50:   00000000272bfae0 00000000027eccb0
0x00000000027ecb60:   00000000026e84d0 000000005ddac336
0x00000000027ecb70:   00000000027ed448 00000000027f7130
0x00000000027ecb80:   00000000027f6800 00000000027eccb0
0x00000000027ecb90:   00000000272bfae0 0000000000000000
0x00000000027ecba0:   000000002628a51c 0000000000000248
0x00000000027ecbb0:   00000000027ecc78 000000002739248f
0x00000000027ecbc0:   0000000029a70090 0000000029a70090
0x00000000027ecbd0:   000000000000ac44 000000000002ffff
0x00000000027ecbe0:   00000000028f7e70 0000000002908627
0x00000000027ecbf0:   00000000272bfae0 00000000028f7e70
0x00000000027ecc00:   00000000028f7e70 000000000290836b 

Instructions: (pc=0x0000000027391066)
0x0000000027391046:   41 2b ec 81 3a 03 00 02 00 75 09 8b 01 89 84 24
0x0000000027391056:   c8 00 00 00 49 83 c0 02 48 83 c1 08 4a 8d 14 86
0x0000000027391066:   39 3a 75 af 4c 8d 84 24 c0 00 00 00 48 8d 15 d7
0x0000000027391076:   2b 03 00 33 c9 e8 58 5f 00 00 b8 40 1f 00 00 4c 


Register to memory mapping:

RAX=0x000000000002ffff is an unknown value
RBX=0x0000000029a70090 is an unknown value
RCX=0x0000000026299008 is an unknown value
RDX=0x0000000026299004 is an unknown value
RSP=0x00000000027ecb10 is pointing into the stack for thread: 0x00000000027f6800
RBP=0x00000000000000ff is an unknown value
RSI=0x000000002628a51c is an unknown value
RDI=0x0000000000000000 is an unknown value
R8 =0x0000000000003aba is an unknown value
R9 =0x000000002628a51c is an unknown value
R10=0x00000000029085fb is at code_begin+891 in an Interpreter codelet
method entry point (kind = native)  [0x0000000002908280, 0x0000000002908c40]  2496 bytes
R11=0x000000005df1ce30 is an unknown value
R12=0x0000000000000001 is an unknown value
R13={method} {0x00000000272bfae8} 'nalcCreateContext' '(JJ)J' in 'org/lwjgl/openal/ALC10'
R14=0x00000000027eccb0 is pointing into the stack for thread: 0x00000000027f6800
R15=0x00000000027f6800 is a thread


Stack: [0x00000000026f0000,0x00000000027f0000],  sp=0x00000000027ecb10,  free space=1010k
Native frames: (J=compiled Java code, j=interpreted, Vv=VM code, C=native code)
C  [OpenAL64.dll+0x11066]
C  [OpenAL64.dll+0x1248f]
C  0x0000000002908627

Java frames: (J=compiled Java code, j=interpreted, Vv=VM code)
j  org.lwjgl.openal.ALC10.nalcCreateContext(JJ)J+0
j  org.lwjgl.openal.ALC10.alcCreateContext(Lorg/lwjgl/openal/ALCdevice;Ljava/nio/IntBuffer;)Lorg/lwjgl/openal/ALCcontext;+8
j  org.lwjgl.openal.AL.init(Ljava/lang/String;IIZZ)V+69
j  org.lwjgl.openal.AL.create(Ljava/lang/String;IIZZ)V+246
j  org.lwjgl.openal.AL.create(Ljava/lang/String;IIZ)V+5
j  org.lwjgl.openal.AL.create()V+6
j  com.badlogic.gdx.backends.lwjgl.audio.OpenALAudio.<init>(III)V+114
j  com.badlogic.gdx.backends.lwjgl.LwjglApplication.<init>(Lcom/badlogic/gdx/ApplicationListener;Lcom/badlogic/gdx/backends/lwjgl/LwjglApplicationConfiguration;Lcom/badlogic/gdx/backends/lwjgl/LwjglGraphics;)V+120
j  com.badlogic.gdx.backends.lwjgl.LwjglApplication.<init>(Lcom/badlogic/gdx/ApplicationListener;Lcom/badlogic/gdx/backends/lwjgl/LwjglApplicationConfiguration;)V+11
j  org.uqbar.project.wollok.game.gameboard.WollokGDXApplication.<init>(Lorg/uqbar/project/wollok/game/gameboard/Gameboard;Ljava/lang/Boolean;)V+17
j  org.uqbar.project.wollok.game.helpers.Application.start(Lorg/uqbar/project/wollok/game/gameboard/Gameboard;Ljava/lang/Boolean;)V+5
j  org.uqbar.project.wollok.game.gameboard.Gameboard.start(Ljava/lang/Boolean;)V+13
j  wollok.game.GameObject.doStart(Ljava/lang/Boolean;)V+12
v  ~StubRoutines::call_stub
J 3532  sun.reflect.NativeMethodAccessorImpl.invoke0(Ljava/lang/reflect/Method;Ljava/lang/Object;[Ljava/lang/Object;)Ljava/lang/Object; (0 bytes) @ 0x0000000003680e7f [0x0000000003680e00+0x7f]
J 3531 C1 sun.reflect.NativeMethodAccessorImpl.invoke(Ljava/lang/Object;[Ljava/lang/Object;)Ljava/lang/Object; (104 bytes) @ 0x0000000003687bfc [0x0000000003686a00+0x11fc]
J 3793 C2 sun.reflect.DelegatingMethodAccessorImpl.invoke(Ljava/lang/Object;[Ljava/lang/Object;)Ljava/lang/Object; (10 bytes) @ 0x00000000037adbd8 [0x00000000037adb60+0x78]
J 3279 C1 java.lang.reflect.Method.invoke(Ljava/lang/Object;[Ljava/lang/Object;)Ljava/lang/Object; (62 bytes) @ 0x0000000003570a74 [0x0000000003570680+0x3f4]
J 3909 C1 org.uqbar.project.wollok.ui.utils.XTendUtilExtensions.invokeConvertingArgs(Ljava/lang/reflect/Method;Ljava/lang/Object;[Ljava/lang/Object;)Lorg/uqbar/project/wollok/interpreter/core/WollokObject; (378 bytes) @ 0x0000000003816724 [0x0000000003814ae0+0x1c44]
J 3904 C1 org.uqbar.project.wollok.interpreter.AbstractWollokCallable._invokeNative(Ljava/lang/Object;Ljava/lang/String;[Lorg/uqbar/project/wollok/interpreter/core/WollokObject;)Lorg/uqbar/project/wollok/interpreter/core/WollokObject; (49 bytes) @ 0x0000000003805b64 [0x00000000038058c0+0x2a4]
J 3903 C1 org.uqbar.project.wollok.interpreter.AbstractWollokCallable.invokeNative(Ljava/lang/Object;Ljava/lang/String;[Lorg/uqbar/project/wollok/interpreter/core/WollokObject;)Lorg/uqbar/project/wollok/interpreter/core/WollokObject; (76 bytes) @ 0x0000000003807a84 [0x0000000003806e20+0xc64]
J 3914 C1 org.uqbar.project.wollok.interpreter.AbstractWollokCallable$1.apply()Lorg/uqbar/project/wollok/interpreter/core/WollokObject; (145 bytes) @ 0x00000000038124ac [0x0000000003811e40+0x66c]
J 3810 C1 org.uqbar.project.wollok.interpreter.AbstractWollokCallable$1.apply()Ljava/lang/Object; (5 bytes) @ 0x00000000037aeecc [0x00000000037aee40+0x8c]
J 3721 C1 org.uqbar.project.wollok.interpreter.threads.WThread.performOnStack(Lorg/eclipse/emf/ecore/EObject;Lorg/uqbar/project/wollok/interpreter/context/EvaluationContext;Lorg/eclipse/xtext/xbase/lib/Functions$Function0;)Lorg/uqbar/project/wollok/interpreter/core/WollokObject; (163 bytes) @ 0x00000000037772e4 [0x0000000003776fa0+0x344]
J 3884 C1 org.uqbar.project.wollok.interpreter.AbstractWollokCallable.call(Lorg/uqbar/project/wollok/wollokDsl/WMethodDeclaration;[Lorg/uqbar/project/wollok/interpreter/core/WollokObject;)Lorg/uqbar/project/wollok/interpreter/core/WollokObject; (46 bytes) @ 0x00000000037f5d3c [0x00000000037f5220+0xb1c]
J 3785 C1 org.uqbar.project.wollok.interpreter.core.WollokObject.call(Ljava/lang/String;[Lorg/uqbar/project/wollok/interpreter/core/WollokObject;)Lorg/uqbar/project/wollok/interpreter/core/WollokObject; (61 bytes) @ 0x00000000037a87cc [0x00000000037a8100+0x6cc]
J 3896 C1 org.uqbar.project.wollok.interpreter.WollokInterpreterEvaluator._evaluate(Lorg/uqbar/project/wollok/wollokDsl/WFeatureCall;)Lorg/uqbar/project/wollok/interpreter/core/WollokObject; (125 bytes) @ 0x00000000037fd4f4 [0x00000000037fc340+0x11b4]
J 4085 C2 org.uqbar.project.wollok.launch.WollokLauncherInterpreterEvaluator.evaluate(Lorg/eclipse/emf/ecore/EObject;)Lorg/uqbar/project/wollok/interpreter/core/WollokObject; (502 bytes) @ 0x0000000003a00290 [0x00000000039fc160+0x4130]
J 4085 C2 org.uqbar.project.wollok.launch.WollokLauncherInterpreterEvaluator.evaluate(Lorg/eclipse/emf/ecore/EObject;)Lorg/uqbar/project/wollok/interpreter/core/WollokObject; (502 bytes) @ 0x00000000039fc9b8 [0x00000000039fc160+0x858]
J 4045 C2 org.uqbar.project.wollok.interpreter.WollokInterpreter.eval(Lorg/eclipse/emf/ecore/EObject;)Lorg/uqbar/project/wollok/interpreter/core/WollokObject; (190 bytes) @ 0x000000000398def8 [0x000000000398d800+0x6f8]
J 3914 C1 org.uqbar.project.wollok.interpreter.AbstractWollokCallable$1.apply()Lorg/uqbar/project/wollok/interpreter/core/WollokObject; (145 bytes) @ 0x00000000038127e4 [0x0000000003811e40+0x9a4]
J 3810 C1 org.uqbar.project.wollok.interpreter.AbstractWollokCallable$1.apply()Ljava/lang/Object; (5 bytes) @ 0x00000000037aeecc [0x00000000037aee40+0x8c]
J 3721 C1 org.uqbar.project.wollok.interpreter.threads.WThread.performOnStack(Lorg/eclipse/emf/ecore/EObject;Lorg/uqbar/project/wollok/interpreter/context/EvaluationContext;Lorg/eclipse/xtext/xbase/lib/Functions$Function0;)Lorg/uqbar/project/wollok/interpreter/core/WollokObject; (163 bytes) @ 0x00000000037772e4 [0x0000000003776fa0+0x344]
J 3884 C1 org.uqbar.project.wollok.interpreter.AbstractWollokCallable.call(Lorg/uqbar/project/wollok/wollokDsl/WMethodDeclaration;[Lorg/uqbar/project/wollok/interpreter/core/WollokObject;)Lorg/uqbar/project/wollok/interpreter/core/WollokObject; (46 bytes) @ 0x00000000037f5d3c [0x00000000037f5220+0xb1c]
J 3785 C1 org.uqbar.project.wollok.interpreter.core.WollokObject.call(Ljava/lang/String;[Lorg/uqbar/project/wollok/interpreter/core/WollokObject;)Lorg/uqbar/project/wollok/interpreter/core/WollokObject; (61 bytes) @ 0x00000000037a87cc [0x00000000037a8100+0x6cc]
J 3896 C1 org.uqbar.project.wollok.interpreter.WollokInterpreterEvaluator._evaluate(Lorg/uqbar/project/wollok/wollokDsl/WFeatureCall;)Lorg/uqbar/project/wollok/interpreter/core/WollokObject; (125 bytes) @ 0x00000000037fd4f4 [0x00000000037fc340+0x11b4]
J 4085 C2 org.uqbar.project.wollok.launch.WollokLauncherInterpreterEvaluator.evaluate(Lorg/eclipse/emf/ecore/EObject;)Lorg/uqbar/project/wollok/interpreter/core/WollokObject; (502 bytes) @ 0x0000000003a00290 [0x00000000039fc160+0x4130]
J 4045 C2 org.uqbar.project.wollok.interpreter.WollokInterpreter.eval(Lorg/eclipse/emf/ecore/EObject;)Lorg/uqbar/project/wollok/interpreter/core/WollokObject; (190 bytes) @ 0x000000000398def8 [0x000000000398d800+0x6f8]
J 3802 C1 org.uqbar.project.wollok.interpreter.WollokInterpreterEvaluator$1.apply(Ljava/lang/Object;Ljava/lang/Object;)Ljava/lang/Object; (13 bytes) @ 0x00000000037b202c [0x00000000037b1ca0+0x38c]
j  org.eclipse.xtext.xbase.lib.IteratorExtensions.fold(Ljava/util/Iterator;Ljava/lang/Object;Lorg/eclipse/xtext/xbase/lib/Functions$Function2;)Ljava/lang/Object;+19
j  org.eclipse.xtext.xbase.lib.IterableExtensions.fold(Ljava/lang/Iterable;Ljava/lang/Object;Lorg/eclipse/xtext/xbase/lib/Functions$Function2;)Ljava/lang/Object;+8
j  org.uqbar.project.wollok.interpreter.WollokInterpreterEvaluator.evalAll(Ljava/lang/Iterable;)Lorg/uqbar/project/wollok/interpreter/core/WollokObject;+12
j  org.uqbar.project.wollok.interpreter.WollokInterpreterEvaluator._evaluate(Lorg/uqbar/project/wollok/wollokDsl/WProgram;)Lorg/uqbar/project/wollok/interpreter/core/WollokObject;+18
j  org.uqbar.project.wollok.launch.WollokLauncherInterpreterEvaluator.evaluate(Lorg/eclipse/emf/ecore/EObject;)Lorg/uqbar/project/wollok/interpreter/core/WollokObject;+444
j  org.uqbar.project.wollok.interpreter.WollokInterpreterEvaluator.evaluate(Lorg/eclipse/emf/ecore/EObject;)Ljava/lang/Object;+2
j  org.uqbar.project.wollok.interpreter.WollokInterpreter.eval(Lorg/eclipse/emf/ecore/EObject;)Lorg/uqbar/project/wollok/interpreter/core/WollokObject;+63
j  org.uqbar.project.wollok.interpreter.WollokInterpreterEvaluator.eval(Lorg/eclipse/emf/ecore/EObject;)Lorg/uqbar/project/wollok/interpreter/core/WollokObject;+5
j  org.uqbar.project.wollok.launch.WollokLauncherInterpreterEvaluator._evaluate(Lorg/uqbar/project/wollok/wollokDsl/WFile;)Lorg/uqbar/project/wollok/interpreter/core/WollokObject;+32
j  org.uqbar.project.wollok.launch.WollokLauncherInterpreterEvaluator.evaluate(Lorg/eclipse/emf/ecore/EObject;)Lorg/uqbar/project/wollok/interpreter/core/WollokObject;+428
j  org.uqbar.project.wollok.interpreter.WollokInterpreterEvaluator.evaluate(Lorg/eclipse/emf/ecore/EObject;)Ljava/lang/Object;+2
j  org.uqbar.project.wollok.interpreter.WollokInterpreter.interpret(Lorg/eclipse/emf/ecore/EObject;Ljava/lang/Boolean;)Lorg/uqbar/project/wollok/interpreter/core/WollokObject;+25
j  org.uqbar.project.wollok.interpreter.WollokInterpreter.interpret(Lorg/eclipse/emf/ecore/EObject;)Lorg/uqbar/project/wollok/interpreter/core/WollokObject;+8
j  org.uqbar.project.wollok.launch.WollokLauncher.doSomething(Lorg/uqbar/project/wollok/wollokDsl/WFile;Lcom/google/inject/Injector;Ljava/io/File;Lorg/uqbar/project/wollok/launch/WollokLauncherParameters;)V+57
j  org.uqbar.project.wollok.launch.WollokChecker.launch(Ljava/lang/String;Lorg/uqbar/project/wollok/launch/WollokLauncherParameters;)V+31
j  org.uqbar.project.wollok.launch.WollokChecker.doMain([Ljava/lang/String;)V+213
j  org.uqbar.project.wollok.launch.WollokLauncher.main([Ljava/lang/String;)V+8
v  ~StubRoutines::call_stub

---------------  P R O C E S S  ---------------

Java Threads: ( => current thread )
  0x0000000021cca000 JavaThread "com.google.inject.internal.util.$Finalizer" daemon [_thread_blocked, id=13908, stack(0x0000000022970000,0x0000000022a70000)]
  0x0000000021a57800 JavaThread "EMF Reference Cleaner" daemon [_thread_blocked, id=11368, stack(0x0000000022670000,0x0000000022770000)]
  0x000000001e415800 JavaThread "Service Thread" daemon [_thread_blocked, id=14760, stack(0x0000000020ca0000,0x0000000020da0000)]
  0x000000001e3c4000 JavaThread "C1 CompilerThread11" daemon [_thread_blocked, id=14044, stack(0x0000000020ba0000,0x0000000020ca0000)]
  0x000000001e384000 JavaThread "C1 CompilerThread10" daemon [_thread_blocked, id=10276, stack(0x0000000020aa0000,0x0000000020ba0000)]
  0x000000001e372000 JavaThread "C1 CompilerThread9" daemon [_thread_blocked, id=14496, stack(0x00000000209a0000,0x0000000020aa0000)]
  0x000000001e359800 JavaThread "C1 CompilerThread8" daemon [_thread_blocked, id=6868, stack(0x00000000207a0000,0x00000000208a0000)]
  0x000000001e356800 JavaThread "C2 CompilerThread7" daemon [_thread_blocked, id=936, stack(0x00000000206a0000,0x00000000207a0000)]
  0x000000001e34d800 JavaThread "C2 CompilerThread6" daemon [_thread_blocked, id=10744, stack(0x00000000205a0000,0x00000000206a0000)]
  0x000000001e34a800 JavaThread "C2 CompilerThread5" daemon [_thread_blocked, id=10372, stack(0x00000000204a0000,0x00000000205a0000)]
  0x000000001e33e000 JavaThread "C2 CompilerThread4" daemon [_thread_blocked, id=2376, stack(0x00000000203a0000,0x00000000204a0000)]
  0x000000001e33d000 JavaThread "C2 CompilerThread3" daemon [_thread_blocked, id=2560, stack(0x00000000202a0000,0x00000000203a0000)]
  0x000000001e335800 JavaThread "C2 CompilerThread2" daemon [_thread_blocked, id=7848, stack(0x00000000201a0000,0x00000000202a0000)]
  0x000000001e331000 JavaThread "C2 CompilerThread1" daemon [_thread_blocked, id=7968, stack(0x00000000200a0000,0x00000000201a0000)]
  0x000000001e32f800 JavaThread "C2 CompilerThread0" daemon [_thread_blocked, id=13680, stack(0x000000001ffa0000,0x00000000200a0000)]
  0x000000001e32e800 JavaThread "Attach Listener" daemon [_thread_blocked, id=11660, stack(0x000000001fea0000,0x000000001ffa0000)]
  0x000000001e32b800 JavaThread "Signal Dispatcher" daemon [_thread_blocked, id=15232, stack(0x000000001fda0000,0x000000001fea0000)]
  0x000000001e316800 JavaThread "Finalizer" daemon [_thread_blocked, id=9724, stack(0x000000001fb80000,0x000000001fc80000)]
  0x000000001c8a2000 JavaThread "Reference Handler" daemon [_thread_blocked, id=15328, stack(0x000000001fa80000,0x000000001fb80000)]
=>0x00000000027f6800 JavaThread "main" [_thread_in_native, id=10580, stack(0x00000000026f0000,0x00000000027f0000)]

Other Threads:
  0x000000001e2f5000 VMThread [stack: 0x000000001f980000,0x000000001fa80000] [id=13472]
  0x000000001e49e000 WatcherThread [stack: 0x0000000020da0000,0x0000000020ea0000] [id=13992]

VM state:not at safepoint (normal execution)

VM Mutex/Monitor currently owned by a thread: None

heap address: 0x00000006c0c00000, size: 4084 MB, Compressed Oops mode: Zero based, Oop shift amount: 3
Narrow klass base: 0x0000000000000000, Narrow klass shift: 3
Compressed class space size: 1073741824 Address: 0x00000007c0000000

Heap:
 PSYoungGen      total 272896K, used 31585K [0x000000076af00000, 0x000000077c400000, 0x00000007c0000000)
  eden space 262144K, 7% used [0x000000076af00000,0x000000076c35ad50,0x000000077af00000)
  from space 10752K, 99% used [0x000000077b980000,0x000000077c3fda88,0x000000077c400000)
  to   space 10752K, 0% used [0x000000077af00000,0x000000077af00000,0x000000077b980000)
 ParOldGen       total 175104K, used 20088K [0x00000006c0c00000, 0x00000006cb700000, 0x000000076af00000)
  object space 175104K, 11% used [0x00000006c0c00000,0x00000006c1f9e0d8,0x00000006cb700000)
 Metaspace       used 20650K, capacity 20928K, committed 21120K, reserved 1067008K
  class space    used 2613K, capacity 2680K, committed 2688K, reserved 1048576K

Card table byte_map: [0x0000000011cb0000,0x00000000124b0000] byte_map_base: 0x000000000e6aa000

Marking Bits: (ParMarkBitMap*) 0x000000005e515ce0
 Begin Bits: [0x0000000013710000, 0x00000000176e0000)
 End Bits:   [0x00000000176e0000, 0x000000001b6b0000)

Polling page: 0x00000000003d0000

CodeCache: size=245760Kb used=17685Kb max_used=17709Kb free=228074Kb
 bounds [0x00000000028f0000, 0x0000000003a50000, 0x00000000118f0000]
 total_blobs=4687 nmethods=4263 adapters=333
 compilation: enabled

Compilation events (10 events):
Event: 3.228 Thread 0x000000001e372000 4273       3       java.io.WinNTFileSystem::normalize (143 bytes)
Event: 3.228 Thread 0x000000001e372000 nmethod 4273 0x0000000003a39650 code [0x0000000003a39840, 0x0000000003a3a068]
Event: 3.231 Thread 0x000000001e3c4000 4274       3       java.nio.DirectByteBuffer::put (18 bytes)
Event: 3.231 Thread 0x000000001e359800 4275       3       java.nio.DirectByteBuffer::ix (10 bytes)
Event: 3.231 Thread 0x000000001e359800 nmethod 4275 0x0000000003a38dd0 code [0x0000000003a38f20, 0x0000000003a39070]
Event: 3.231 Thread 0x000000001e3c4000 

Event: 3.231 Thread 0x000000001e384000 4277       3       java.nio.DirectByteBuffer::put (18 bytes)
Event: 3.231 Thread 0x000000001e372000 4278       1       java.nio.DirectByteBuffer::ix (10 bytes)
Event: 3.231 Thread 0x000000001e384000 nmethod 4277 0x0000000003a388d0 code [0x0000000003a38a40, 0x0000000003a38cb0]
Event: 3.231 Thread 0x000000001e372000 nmethod 4278 0x0000000003a38610 code [0x0000000003a38760, 0x0000000003a38870]

GC Heap History (8 events):
Event: 0.631 GC heap before
{Heap before GC invocations=1 (full 0):
 PSYoungGen      total 76288K, used 65536K [0x000000076af00000, 0x0000000770400000, 0x00000007c0000000)
  eden space 65536K, 100% used [0x000000076af00000,0x000000076ef00000,0x000000076ef00000)
  from space 10752K, 0% used [0x000000076f980000,0x000000076f980000,0x0000000770400000)
  to   space 10752K, 0% used [0x000000076ef00000,0x000000076ef00000,0x000000076f980000)
 ParOldGen       total 175104K, used 0K [0x00000006c0c00000, 0x00000006cb700000, 0x000000076af00000)
  object space 175104K, 0% used [0x00000006c0c00000,0x00000006c0c00000,0x00000006cb700000)
 Metaspace       used 8269K, capacity 8398K, committed 8576K, reserved 1056768K
  class space    used 1025K, capacity 1045K, committed 1152K, reserved 1048576K
Event: 0.641 GC heap after
Heap after GC invocations=1 (full 0):
 PSYoungGen      total 76288K, used 10733K [0x000000076af00000, 0x0000000774400000, 0x00000007c0000000)
  eden space 65536K, 0% used [0x000000076af00000,0x000000076af00000,0x000000076ef00000)
  from space 10752K, 99% used [0x000000076ef00000,0x000000076f97b5f0,0x000000076f980000)
  to   space 10752K, 0% used [0x0000000773980000,0x0000000773980000,0x0000000774400000)
 ParOldGen       total 175104K, used 3710K [0x00000006c0c00000, 0x00000006cb700000, 0x000000076af00000)
  object space 175104K, 2% used [0x00000006c0c00000,0x00000006c0f9f8e8,0x00000006cb700000)
 Metaspace       used 8269K, capacity 8398K, committed 8576K, reserved 1056768K
  class space    used 1025K, capacity 1045K, committed 1152K, reserved 1048576K
}
Event: 1.240 GC heap before
{Heap before GC invocations=2 (full 0):
 PSYoungGen      total 76288K, used 76269K [0x000000076af00000, 0x0000000774400000, 0x00000007c0000000)
  eden space 65536K, 100% used [0x000000076af00000,0x000000076ef00000,0x000000076ef00000)
  from space 10752K, 99% used [0x000000076ef00000,0x000000076f97b5f0,0x000000076f980000)
  to   space 10752K, 0% used [0x0000000773980000,0x0000000773980000,0x0000000774400000)
 ParOldGen       total 175104K, used 3710K [0x00000006c0c00000, 0x00000006cb700000, 0x000000076af00000)
  object space 175104K, 2% used [0x00000006c0c00000,0x00000006c0f9f8e8,0x00000006cb700000)
 Metaspace       used 14708K, capacity 14838K, committed 15104K, reserved 1062912K
  class space    used 1905K, capacity 1921K, committed 2048K, reserved 1048576K
Event: 1.254 GC heap after
Heap after GC invocations=2 (full 0):
 PSYoungGen      total 141824K, used 10734K [0x000000076af00000, 0x0000000774400000, 0x00000007c0000000)
  eden space 131072K, 0% used [0x000000076af00000,0x000000076af00000,0x0000000772f00000)
  from space 10752K, 99% used [0x0000000773980000,0x00000007743fba78,0x0000000774400000)
  to   space 10752K, 0% used [0x0000000772f00000,0x0000000772f00000,0x0000000773980000)
 ParOldGen       total 175104K, used 12146K [0x00000006c0c00000, 0x00000006cb700000, 0x000000076af00000)
  object space 175104K, 6% used [0x00000006c0c00000,0x00000006c17dca48,0x00000006cb700000)
 Metaspace       used 14708K, capacity 14838K, committed 15104K, reserved 1062912K
  class space    used 1905K, capacity 1921K, committed 2048K, reserved 1048576K
}
Event: 2.459 GC heap before
{Heap before GC invocations=3 (full 0):
 PSYoungGen      total 141824K, used 141806K [0x000000076af00000, 0x0000000774400000, 0x00000007c0000000)
  eden space 131072K, 100% used [0x000000076af00000,0x0000000772f00000,0x0000000772f00000)
  from space 10752K, 99% used [0x0000000773980000,0x00000007743fba78,0x0000000774400000)
  to   space 10752K, 0% used [0x0000000772f00000,0x0000000772f00000,0x0000000773980000)
 ParOldGen       total 175104K, used 12146K [0x00000006c0c00000, 0x00000006cb700000, 0x000000076af00000)
  object space 175104K, 6% used [0x00000006c0c00000,0x00000006c17dca48,0x00000006cb700000)
 Metaspace       used 19597K, capacity 19830K, committed 20096K, reserved 1067008K
  class space    used 2504K, capacity 2577K, committed 2688K, reserved 1048576K
Event: 2.471 GC heap after
Heap after GC invocations=3 (full 0):
 PSYoungGen      total 141824K, used 10726K [0x000000076af00000, 0x000000077c400000, 0x00000007c0000000)
  eden space 131072K, 0% used [0x000000076af00000,0x000000076af00000,0x0000000772f00000)
  from space 10752K, 99% used [0x0000000772f00000,0x0000000773979a78,0x0000000773980000)
  to   space 10752K, 0% used [0x000000077b980000,0x000000077b980000,0x000000077c400000)
 ParOldGen       total 175104K, used 19344K [0x00000006c0c00000, 0x00000006cb700000, 0x000000076af00000)
  object space 175104K, 11% used [0x00000006c0c00000,0x00000006c1ee40d8,0x00000006cb700000)
 Metaspace       used 19597K, capacity 19830K, committed 20096K, reserved 1067008K
  class space    used 2504K, capacity 2577K, committed 2688K, reserved 1048576K
}
Event: 3.080 GC heap before
{Heap before GC invocations=4 (full 0):
 PSYoungGen      total 141824K, used 141798K [0x000000076af00000, 0x000000077c400000, 0x00000007c0000000)
  eden space 131072K, 100% used [0x000000076af00000,0x0000000772f00000,0x0000000772f00000)
  from space 10752K, 99% used [0x0000000772f00000,0x0000000773979a78,0x0000000773980000)
  to   space 10752K, 0% used [0x000000077b980000,0x000000077b980000,0x000000077c400000)
 ParOldGen       total 175104K, used 19344K [0x00000006c0c00000, 0x00000006cb700000, 0x000000076af00000)
  object space 175104K, 11% used [0x00000006c0c00000,0x00000006c1ee40d8,0x00000006cb700000)
 Metaspace       used 19693K, capacity 20000K, committed 20352K, reserved 1067008K
  class space    used 2509K, capacity 2584K, committed 2688K, reserved 1048576K
Event: 3.092 GC heap after
Heap after GC invocations=4 (full 0):
 PSYoungGen      total 272896K, used 10742K [0x000000076af00000, 0x000000077c400000, 0x00000007c0000000)
  eden space 262144K, 0% used [0x000000076af00000,0x000000076af00000,0x000000077af00000)
  from space 10752K, 99% used [0x000000077b980000,0x000000077c3fda88,0x000000077c400000)
  to   space 10752K, 0% used [0x000000077af00000,0x000000077af00000,0x000000077b980000)
 ParOldGen       total 175104K, used 20088K [0x00000006c0c00000, 0x00000006cb700000, 0x000000076af00000)
  object space 175104K, 11% used [0x00000006c0c00000,0x00000006c1f9e0d8,0x00000006cb700000)
 Metaspace       used 19693K, capacity 20000K, committed 20352K, reserved 1067008K
  class space    used 2509K, capacity 2584K, committed 2688K, reserved 1048576K
}

Deoptimization events (10 events):
Event: 1.975 Thread 0x00000000027f6800 Uncommon trap: reason=array_check action=maybe_recompile pc=0x000000000354fabc method=java.util.AbstractCollection.toArray([Ljava/lang/Object;)[Ljava/lang/Object; @ 119
Event: 1.976 Thread 0x00000000027f6800 Uncommon trap: reason=class_check action=maybe_recompile pc=0x000000000340abe4 method=java.util.HashMap.putVal(ILjava/lang/Object;Ljava/lang/Object;ZZ)Ljava/lang/Object; @ 203
Event: 1.976 Thread 0x00000000027f6800 Uncommon trap: reason=array_check action=maybe_recompile pc=0x000000000354fabc method=java.util.AbstractCollection.toArray([Ljava/lang/Object;)[Ljava/lang/Object; @ 119
Event: 2.015 Thread 0x00000000027f6800 Uncommon trap: reason=unstable_if action=reinterpret pc=0x00000000034574d4 method=org.uqbar.project.wollok.wollokDsl.impl.WMemberFeatureCallImpl.eIsSet(I)Z @ 104
Event: 2.471 Thread 0x00000000027f6800 Uncommon trap: reason=unstable_if action=reinterpret pc=0x000000000355c0b0 method=org.eclipse.emf.common.util.Pool.access(ZLorg/eclipse/emf/common/util/Pool$AccessUnit;)V @ 48
Event: 2.471 Thread 0x00000000027f6800 Uncommon trap: reason=unstable_if action=reinterpret pc=0x0000000003549fc8 method=org.eclipse.emf.common.util.Pool.access(ZLorg/eclipse/emf/common/util/Pool$AccessUnit;)V @ 48
Event: 3.140 Thread 0x00000000027f6800 Uncommon trap: reason=class_check action=maybe_recompile pc=0x0000000003916278 method=org.uqbar.project.wollok.interpreter.WollokInterpreterEvaluator.getWKObject(Ljava/lang/String;Lorg/eclipse/emf/ecore/EObject;)Lorg/uqbar/project/wollok/interpreter/core/
Event: 3.141 Thread 0x00000000027f6800 Uncommon trap: reason=unstable_if action=reinterpret pc=0x000000000363ad74 method=org.eclipse.emf.common.util.CommonUtil$StringPool$StringsAccessUnit.ensureCapacity(I)V @ 6
Event: 3.168 Thread 0x00000000027f6800 Uncommon trap: reason=unstable_if action=reinterpret pc=0x00000000035deb08 method=java.io.WinNTFileSystem.normalize(Ljava/lang/String;)Ljava/lang/String; @ 49
Event: 3.176 Thread 0x00000000027f6800 Uncommon trap: reason=unstable_if action=reinterpret pc=0x00000000030fc564 method=sun.security.provider.DigestBase.engineUpdate([BII)V @ 1

Classes redefined (0 events):
No events

Internal exceptions (10 events):
Event: 1.994 Thread 0x00000000027f6800 Exception <a 'java/io/FileNotFoundException'> (0x000000076e715ac0) thrown at [C:\re\workspace\8-2-build-windows-amd64-cygwin\jdk8u221\13320\hotspot\src\share\vm\prims\jni.cpp, line 710]
Event: 2.021 Thread 0x00000000027f6800 Exception <a 'java/lang/reflect/InvocationTargetException'> (0x000000076e9d1f00) thrown at [C:\re\workspace\8-2-build-windows-amd64-cygwin\jdk8u221\13320\hotspot\src\share\vm\runtime\reflection.cpp, line 1092]
Event: 2.023 Thread 0x00000000027f6800 Exception <a 'java/lang/reflect/InvocationTargetException'> (0x000000076e9ebe08) thrown at [C:\re\workspace\8-2-build-windows-amd64-cygwin\jdk8u221\13320\hotspot\src\share\vm\runtime\reflection.cpp, line 1092]
Event: 2.024 Thread 0x00000000027f6800 Exception <a 'java/lang/reflect/InvocationTargetException'> (0x000000076ea05df8) thrown at [C:\re\workspace\8-2-build-windows-amd64-cygwin\jdk8u221\13320\hotspot\src\share\vm\runtime\reflection.cpp, line 1092]
Event: 3.236 Thread 0x00000000027f6800 Exception <a 'java/security/PrivilegedActionException'> (0x000000076bf40678) thrown at [C:\re\workspace\8-2-build-windows-amd64-cygwin\jdk8u221\13320\hotspot\src\share\vm\prims\jvm.cpp, line 1502]
Event: 3.236 Thread 0x00000000027f6800 Exception <a 'java/security/PrivilegedActionException'> (0x000000076bf41ba8) thrown at [C:\re\workspace\8-2-build-windows-amd64-cygwin\jdk8u221\13320\hotspot\src\share\vm\prims\jvm.cpp, line 1502]
Event: 3.236 Thread 0x00000000027f6800 Exception <a 'java/security/PrivilegedActionException'> (0x000000076bf42fd8) thrown at [C:\re\workspace\8-2-build-windows-amd64-cygwin\jdk8u221\13320\hotspot\src\share\vm\prims\jvm.cpp, line 1502]
Event: 3.237 Thread 0x00000000027f6800 Exception <a 'java/security/PrivilegedActionException'> (0x000000076bf44698) thrown at [C:\re\workspace\8-2-build-windows-amd64-cygwin\jdk8u221\13320\hotspot\src\share\vm\prims\jvm.cpp, line 1502]
Event: 3.237 Thread 0x00000000027f6800 Exception <a 'java/security/PrivilegedActionException'> (0x000000076bf45a90) thrown at [C:\re\workspace\8-2-build-windows-amd64-cygwin\jdk8u221\13320\hotspot\src\share\vm\prims\jvm.cpp, line 1502]
Event: 3.237 Thread 0x00000000027f6800 Exception <a 'java/security/PrivilegedActionException'> (0x000000076bf46e58) thrown at [C:\re\workspace\8-2-build-windows-amd64-cygwin\jdk8u221\13320\hotspot\src\share\vm\prims\jvm.cpp, line 1502]

Events (10 events):
Event: 3.260 loading class org/lwjgl/openal/ALCdevice
Event: 3.260 loading class org/lwjgl/openal/ALCdevice done
Event: 3.261 loading class org/lwjgl/openal/ALCcontext
Event: 3.261 loading class org/lwjgl/openal/ALCcontext done
Event: 3.261 loading class java/nio/DirectIntBufferU
Event: 3.261 loading class java/nio/DirectIntBufferU done
Event: 3.262 loading class org/lwjgl/openal/Util
Event: 3.262 loading class org/lwjgl/openal/Util done
Event: 3.262 loading class org/lwjgl/openal/OpenALException
Event: 3.262 loading class org/lwjgl/openal/OpenALException done


Dynamic libraries:
0x00007ff7228c0000 - 0x00007ff7228f7000 	C:\Program Files\Java\jre1.8.0_221\bin\javaw.exe
0x00007ffec5ad0000 - 0x00007ffec5cbd000 	C:\Windows\SYSTEM32\ntdll.dll
0x00007ffec4860000 - 0x00007ffec4913000 	C:\Windows\System32\KERNEL32.DLL
0x00007ffec1c30000 - 0x00007ffec1ec3000 	C:\Windows\System32\KERNELBASE.dll
0x00007ffec51f0000 - 0x00007ffec5293000 	C:\Windows\System32\ADVAPI32.dll
0x00007ffec57b0000 - 0x00007ffec584e000 	C:\Windows\System32\msvcrt.dll
0x00007ffec2d50000 - 0x00007ffec2dee000 	C:\Windows\System32\sechost.dll
0x00007ffec2ea0000 - 0x00007ffec2fc2000 	C:\Windows\System32\RPCRT4.dll
0x00007ffec55b0000 - 0x00007ffec5747000 	C:\Windows\System32\USER32.dll
0x00007ffec2620000 - 0x00007ffec2640000 	C:\Windows\System32\win32u.dll
0x00007ffec4600000 - 0x00007ffec4629000 	C:\Windows\System32\GDI32.dll
0x00007ffec28c0000 - 0x00007ffec2a59000 	C:\Windows\System32\gdi32full.dll
0x00007ffec1b90000 - 0x00007ffec1c30000 	C:\Windows\System32\msvcp_win.dll
0x00007ffec2640000 - 0x00007ffec273a000 	C:\Windows\System32\ucrtbase.dll
0x00007ffeb19d0000 - 0x00007ffeb1c49000 	C:\Windows\WinSxS\amd64_microsoft.windows.common-controls_6595b64144ccf1df_6.0.17763.802_none_05b1445c0722d2cc\COMCTL32.dll
0x00007ffec4920000 - 0x00007ffec4c4c000 	C:\Windows\System32\combase.dll
0x00007ffec2740000 - 0x00007ffec27be000 	C:\Windows\System32\bcryptPrimitives.dll
0x00007ffec3050000 - 0x00007ffec307e000 	C:\Windows\System32\IMM32.DLL
0x000000005db30000 - 0x000000005dc02000 	C:\Program Files\Java\jre1.8.0_221\bin\msvcr100.dll
0x000000005dcf0000 - 0x000000005e595000 	C:\Program Files\Java\jre1.8.0_221\bin\server\jvm.dll
0x00007ffec45e0000 - 0x00007ffec45e8000 	C:\Windows\System32\PSAPI.DLL
0x00007ffebe440000 - 0x00007ffebe464000 	C:\Windows\SYSTEM32\WINMM.dll
0x00007ffeb3c50000 - 0x00007ffeb3c59000 	C:\Windows\SYSTEM32\WSOCK32.dll
0x00007ffec5540000 - 0x00007ffec55ad000 	C:\Windows\System32\WS2_32.dll
0x00007ffebd660000 - 0x00007ffebd66a000 	C:\Windows\SYSTEM32\VERSION.dll
0x00007ffebe410000 - 0x00007ffebe43d000 	C:\Windows\SYSTEM32\WINMMBASE.dll
0x00007ffec27c0000 - 0x00007ffec280a000 	C:\Windows\System32\cfgmgr32.dll
0x00007ffeb3c40000 - 0x00007ffeb3c4f000 	C:\Program Files\Java\jre1.8.0_221\bin\verify.dll
0x00007ffeac0c0000 - 0x00007ffeac0e9000 	C:\Program Files\Java\jre1.8.0_221\bin\java.dll
0x00007ffeb3c20000 - 0x00007ffeb3c36000 	C:\Program Files\Java\jre1.8.0_221\bin\zip.dll
0x00007ffec30e0000 - 0x00007ffec45d4000 	C:\Windows\System32\SHELL32.dll
0x00007ffec2df0000 - 0x00007ffec2e98000 	C:\Windows\System32\shcore.dll
0x00007ffec1ed0000 - 0x00007ffec261d000 	C:\Windows\System32\windows.storage.dll
0x00007ffec1b60000 - 0x00007ffec1b84000 	C:\Windows\System32\profapi.dll
0x00007ffec1ae0000 - 0x00007ffec1b3d000 	C:\Windows\System32\powrprof.dll
0x00007ffec2cf0000 - 0x00007ffec2d42000 	C:\Windows\System32\shlwapi.dll
0x00007ffec1ac0000 - 0x00007ffec1ad1000 	C:\Windows\System32\kernel.appcore.dll
0x00007ffec2840000 - 0x00007ffec2857000 	C:\Windows\System32\cryptsp.dll
0x0000000065580000 - 0x0000000065616000 	C:\Users\Franco\AppData\Local\Temp\libgdxFranco\12dfaa03\gdx64.dll
0x00007ffec0eb0000 - 0x00007ffec0ee3000 	C:\Windows\system32\rsaenh.dll
0x00007ffec2810000 - 0x00007ffec2836000 	C:\Windows\System32\bcrypt.dll
0x00007ffec19f0000 - 0x00007ffec1a18000 	C:\Windows\SYSTEM32\USERENV.dll
0x00007ffec1500000 - 0x00007ffec150c000 	C:\Windows\SYSTEM32\CRYPTBASE.dll
0x00007ffeaeae0000 - 0x00007ffeaeafa000 	C:\Program Files\Java\jre1.8.0_221\bin\net.dll
0x00007ffeb6f90000 - 0x00007ffeb7167000 	C:\Windows\SYSTEM32\urlmon.dll
0x00007ffeb4ea0000 - 0x00007ffeb5148000 	C:\Windows\SYSTEM32\iertutil.dll
0x00007ffec1330000 - 0x00007ffec1397000 	C:\Windows\system32\mswsock.dll
0x00007ffec1050000 - 0x00007ffec108d000 	C:\Windows\SYSTEM32\IPHLPAPI.DLL
0x00007ffec45f0000 - 0x00007ffec45f8000 	C:\Windows\System32\NSI.dll
0x00007ffebccb0000 - 0x00007ffebccc6000 	C:\Windows\SYSTEM32\dhcpcsvc6.DLL
0x00007ffebcc10000 - 0x00007ffebcc2c000 	C:\Windows\SYSTEM32\dhcpcsvc.DLL
0x00007ffec1090000 - 0x00007ffec1156000 	C:\Windows\SYSTEM32\DNSAPI.dll
0x00007ffeaeac0000 - 0x00007ffeaead2000 	C:\Program Files\Java\jre1.8.0_221\bin\nio.dll
0x0000000180000000 - 0x0000000180053000 	C:\Users\Franco\AppData\Local\Temp\libgdxFranco\dc0f0009\lwjgl64.dll
0x00007ffe92220000 - 0x00007ffe92347000 	C:\Windows\SYSTEM32\OPENGL32.dll
0x00007ffeb1590000 - 0x00007ffeb15bc000 	C:\Windows\SYSTEM32\GLU32.dll
0x0000000027380000 - 0x00000000273e4000 	C:\Users\Franco\AppData\Local\Temp\libgdxFranco\dc0f0009\OpenAL64.dll
0x00007ffec4630000 - 0x00007ffec4785000 	C:\Windows\System32\ole32.dll
0x00007ffebff00000 - 0x00007ffebff9c000 	C:\Windows\system32\uxtheme.dll
0x00007ffec4cc0000 - 0x00007ffec4d62000 	C:\Windows\System32\clbcatq.dll
0x00007ffebdee0000 - 0x00007ffebe089000 	C:\Windows\System32\PROPSYS.dll
0x00007ffec4790000 - 0x00007ffec4854000 	C:\Windows\System32\OLEAUT32.dll
0x00007ffe92440000 - 0x00007ffe924d6000 	C:\Windows\SYSTEM32\dsound.dll
0x00007ffebbc20000 - 0x00007ffebbc90000 	C:\Windows\System32\MMDevApi.dll
0x00007ffec18d0000 - 0x00007ffec18f9000 	C:\Windows\System32\DEVOBJ.dll
0x00007ffebbc90000 - 0x00007ffebbdd8000 	C:\Windows\SYSTEM32\AUDIOSES.DLL
0x00007ffebda50000 - 0x00007ffebdba3000 	C:\Windows\SYSTEM32\wintypes.dll
0x00007ffebe320000 - 0x00007ffebe32a000 	C:\Windows\SYSTEM32\AVRT.dll
0x00007ffebaae0000 - 0x00007ffebaccd000 	C:\Windows\SYSTEM32\dbghelp.dll

VM Arguments:
jvm_args: -Duser.language=es_AR -Dfile.encoding=UTF-8 
java_command: org.uqbar.project.wollok.launch.WollokLauncher -requestsPort 0 -eventsPort 0 -folder -dontValidate -wf src/langradigmas.wpgm
java_class_path (initial): C:\Users\Franco\Documents\Facultad\Paradigmas\wollok\workspace\git\2019-o-tpi-juego-alpastoelchicken\bin;C:\Users\Franco\Documents\Facultad\Paradigmas\wollok\plugins\com.ibm.icu_56.1.0.v201601250100.jar;C:\Users\Franco\Documents\Facultad\Paradigmas\wollok\plugins\org.eclipse.xtext_2.11.0.v20170130-0808.jar;C:\Users\Franco\Documents\Facultad\Paradigmas\wollok\plugins\org.eclipse.emf.ecore.xmi_2.12.0.v20160420-0247.jar;C:\Users\Franco\Documents\Facultad\Paradigmas\wollok\plugins\org.eclipse.emf.ecore_2.12.0.v20160420-0247.jar;C:\Users\Franco\Documents\Facultad\Paradigmas\wollok\plugins\org.eclipse.emf.common_2.12.0.v20160420-0247.jar;C:\Users\Franco\Documents\Facultad\Paradigmas\wollok\plugins\org.antlr.runtime_3.2.0.v201101311130.jar;C:\Users\Franco\Documents\Facultad\Paradigmas\wollok\plugins\com.google.inject_3.0.0.v201605172100.jar;C:\Users\Franco\Documents\Facultad\Paradigmas\wollok\plugins\org.eclipse.emf.mwe.core_1.5.0.201906111547.jar;C:\Users\Franco\Documents\Facultad\Paradigmas\wollok\plugins\org.apache.commons.cli_1.2.0.v201404270220.jar;C:\Users\Franco\Documents\Facultad\Paradigmas\wollok\plugins\org.eclipse.emf.mwe2.runtime_2.11.0.201906111547.jar;C:\Users\Franco\Documents\Facultad\Paradigmas\wollok\plugins\org.eclipse.emf.mwe.utils_1.5.0.201906111547.jar;C:\Users\Franco\Documents\Facultad\Paradigmas\wollok\plugins\org.eclipse.xtext.util_2.11.0.v20170130-0808.jar;C:\Users\Franco\Documents\Facultad\Paradigmas\wollok\plugins\com.google.guava_15.0.0.v201403281430.jar;C:\Users\Franco\Documents\Facultad\Paradigmas\wollok\plugins\javax.inject_1.0.0.v20091030.jar;C:\Users\Franco\Documents\Facultad\Paradigmas\wollok\plugins\org.eclipse.xtext.generator_2.11.0.v20170131-1210.jar;C:\Users\Franco\Documents\Facultad\Paradigmas\wollok\plugins\org.eclipse.xtext.xtext.generator_2.11.0.v20170130-0808.jar;C:\Users\Franco\Documents\Facultad\Paradigmas\wollok\plugins\org.eclipse.xtext.xbase.lib_2.11.0.v20170124-1424.jar;C:\Users\Franco\Documents\
Launcher Type: SUN_STANDARD

Environment Variables:
PATH=C:/Program Files/Java/jre1.8.0_221/bin/server;C:/Program Files/Java/jre1.8.0_221/bin;C:/Program Files/Java/jre1.8.0_221/lib/amd64;C:\Program Files (x86)\Common Files\Oracle\Java\javapath;C:\Windows\system32;C:\Windows;C:\Windows\System32\Wbem;C:\Windows\System32\WindowsPowerShell\v1.0\;C:\Windows\System32\OpenSSH\;C:\Program Files (x86)\NVIDIA Corporation\PhysX\Common;C:\Program Files\NVIDIA Corporation\NVIDIA NvDLISR;C:\Program Files\Git\cmd;C:\Program Files\nodejs\;C:\Program Files (x86)\GnuWin32\bin;C:\Users\Franco\AppData\Local\Microsoft\WindowsApps;;C:\Users\Franco\AppData\Local\Programs\Microsoft VS Code\bin;C:\Users\Franco\AppData\Roaming\npm;C:\Users\Franco\Documents\Facultad\Paradigmas\wollok;
USERNAME=Franco
OS=Windows_NT
PROCESSOR_IDENTIFIER=AMD64 Family 23 Model 1 Stepping 1, AuthenticAMD



---------------  S Y S T E M  ---------------

OS: Windows 10.0 , 64 bit Build 17763 (10.0.17763.475)

CPU:total 16 (initial active 16) (16 cores per cpu, 1 threads per core) family 23 model 1 stepping 1, cmov, cx8, fxsr, mmx, sse, sse2, sse3, ssse3, sse4.1, sse4.2, popcnt, avx, avx2, aes, clmul, mmxext, 3dnowpref, lzcnt, sse4a, tsc, tscinvbit, tscinv, bmi1

Memory: 4k page, physical 16727416k(10374976k free), swap 19217784k(10008208k free)

vm_info: Java HotSpot(TM) 64-Bit Server VM (25.221-b11) for windows-amd64 JRE (1.8.0_221-b11), built on Jul  4 2019 04:39:29 by "java_re" with MS VC++ 10.0 (VS2010)

time: Wed Oct 09 18:08:58 2019
timezone: Hora estándar de Argentina
elapsed time: 3 seconds (0d 0h 0m 3s)

