#
# A fatal error has been detected by the Java Runtime Environment:
#
#  EXCEPTION_ACCESS_VIOLATION (0xc0000005) at pc=0x00000000292e1066, pid=16464, tid=0x0000000000003b8c
#
# JRE version: Java(TM) SE Runtime Environment (8.0_221-b11) (build 1.8.0_221-b11)
# Java VM: Java HotSpot(TM) 64-Bit Server VM (25.221-b11 mixed mode windows-amd64 compressed oops)
# Problematic frame:
# C  [OpenAL64.dll+0x11066]
#
# Failed to write core dump. Minidumps are not enabled by default on client versions of Windows
#
# If you would like to submit a bug report, please visit:
#   http://bugreport.java.com/bugreport/crash.jsp
# The crash happened outside the Java Virtual Machine in native code.
# See problematic frame for where to report the bug.
#

---------------  T H R E A D  ---------------

Current thread (0x0000000003396800):  JavaThread "main" [_thread_in_native, id=15244, stack(0x0000000003250000,0x0000000003350000)]

siginfo: ExceptionCode=0xc0000005, reading address 0x00000000246a1004

Registers:
RAX=0x0000000000000004, RBX=0x0000000029540090, RCX=0x00000000246a1008, RDX=0x00000000246a1004
RSP=0x000000000334c2a0, RBP=0x00000000000000ff, RSI=0x00000000246a07bc, RDI=0x0000000000000000
R8 =0x0000000000000212, R9 =0x00000000246a07bc, R10=0x00000000034a85fb, R11=0x000000007420ce30
R12=0x0000000000000001, R13=0x0000000027e9c420, R14=0x000000000334c440, R15=0x0000000003396800
RIP=0x00000000292e1066, EFLAGS=0x0000000000010202

Top of Stack: (sp=0x000000000334c2a0)
0x000000000334c2a0:   0000000000000000 000000001f2555b0
0x000000000334c2b0:   0000000003387ad0 0000000003396800
0x000000000334c2c0:   0000000027e9c420 0000000000000000
0x000000000334c2d0:   0000000003396800 0000000003387ad0
0x000000000334c2e0:   0000000027e9c420 000000000334c440
0x000000000334c2f0:   0000000003388490 000000007409c336
0x000000000334c300:   000000000334cbd8 0000000003397130
0x000000000334c310:   0000000003396800 000000000334c440
0x000000000334c320:   0000000027e9c420 0000000000000000
0x000000000334c330:   00000000246a07bc 0000000000000248
0x000000000334c340:   000000000334c408 00000000292e248f
0x000000000334c350:   0000000029540090 0000000029540090
0x000000000334c360:   000000000000ac44 0000000000000004
0x000000000334c370:   0000000003497e70 00000000034a8627
0x000000000334c380:   0000000027e9c420 0000000003497e70
0x000000000334c390:   0000000003497e70 00000000034a836b 

Instructions: (pc=0x00000000292e1066)
0x00000000292e1046:   41 2b ec 81 3a 03 00 02 00 75 09 8b 01 89 84 24
0x00000000292e1056:   c8 00 00 00 49 83 c0 02 48 83 c1 08 4a 8d 14 86
0x00000000292e1066:   39 3a 75 af 4c 8d 84 24 c0 00 00 00 48 8d 15 d7
0x00000000292e1076:   2b 03 00 33 c9 e8 58 5f 00 00 b8 40 1f 00 00 4c 


Register to memory mapping:

RAX=0x0000000000000004 is an unknown value
RBX=0x0000000029540090 is an unknown value
RCX=0x00000000246a1008 is an unknown value
RDX=0x00000000246a1004 is an unknown value
RSP=0x000000000334c2a0 is pointing into the stack for thread: 0x0000000003396800
RBP=0x00000000000000ff is an unknown value
RSI=0x00000000246a07bc is an unknown value
RDI=0x0000000000000000 is an unknown value
R8 =0x0000000000000212 is an unknown value
R9 =0x00000000246a07bc is an unknown value
R10=0x00000000034a85fb is at code_begin+891 in an Interpreter codelet
method entry point (kind = native)  [0x00000000034a8280, 0x00000000034a8c40]  2496 bytes
R11=0x000000007420ce30 is an unknown value
R12=0x0000000000000001 is an unknown value
R13={method} {0x0000000027e9c428} 'nalcCreateContext' '(JJ)J' in 'org/lwjgl/openal/ALC10'
R14=0x000000000334c440 is pointing into the stack for thread: 0x0000000003396800
R15=0x0000000003396800 is a thread


Stack: [0x0000000003250000,0x0000000003350000],  sp=0x000000000334c2a0,  free space=1008k
Native frames: (J=compiled Java code, j=interpreted, Vv=VM code, C=native code)
C  [OpenAL64.dll+0x11066]
C  [OpenAL64.dll+0x1248f]
C  0x00000000034a8627

Java frames: (J=compiled Java code, j=interpreted, Vv=VM code)
j  org.lwjgl.openal.ALC10.nalcCreateContext(JJ)J+0
j  org.lwjgl.openal.ALC10.alcCreateContext(Lorg/lwjgl/openal/ALCdevice;Ljava/nio/IntBuffer;)Lorg/lwjgl/openal/ALCcontext;+8
j  org.lwjgl.openal.AL.init(Ljava/lang/String;IIZZ)V+69
j  org.lwjgl.openal.AL.create(Ljava/lang/String;IIZZ)V+246
j  org.lwjgl.openal.AL.create(Ljava/lang/String;IIZ)V+5
j  org.lwjgl.openal.AL.create()V+6
j  com.badlogic.gdx.backends.lwjgl.audio.OpenALAudio.<init>(III)V+114
j  com.badlogic.gdx.backends.lwjgl.LwjglApplication.<init>(Lcom/badlogic/gdx/ApplicationListener;Lcom/badlogic/gdx/backends/lwjgl/LwjglApplicationConfiguration;Lcom/badlogic/gdx/backends/lwjgl/LwjglGraphics;)V+120
j  com.badlogic.gdx.backends.lwjgl.LwjglApplication.<init>(Lcom/badlogic/gdx/ApplicationListener;Lcom/badlogic/gdx/backends/lwjgl/LwjglApplicationConfiguration;)V+11
j  org.uqbar.project.wollok.game.gameboard.WollokGDXApplication.<init>(Lorg/uqbar/project/wollok/game/gameboard/Gameboard;Ljava/lang/Boolean;)V+17
j  org.uqbar.project.wollok.game.helpers.Application.start(Lorg/uqbar/project/wollok/game/gameboard/Gameboard;Ljava/lang/Boolean;)V+5
j  org.uqbar.project.wollok.game.gameboard.Gameboard.start(Ljava/lang/Boolean;)V+13
j  wollok.game.GameObject.doStart(Ljava/lang/Boolean;)V+12
v  ~StubRoutines::call_stub
J 3418  sun.reflect.NativeMethodAccessorImpl.invoke0(Ljava/lang/reflect/Method;Ljava/lang/Object;[Ljava/lang/Object;)Ljava/lang/Object; (0 bytes) @ 0x00000000041819ff [0x0000000004181980+0x7f]
J 3417 C1 sun.reflect.NativeMethodAccessorImpl.invoke(Ljava/lang/Object;[Ljava/lang/Object;)Ljava/lang/Object; (104 bytes) @ 0x00000000041846bc [0x00000000041834c0+0x11fc]
J 2594 C1 sun.reflect.DelegatingMethodAccessorImpl.invoke(Ljava/lang/Object;[Ljava/lang/Object;)Ljava/lang/Object; (10 bytes) @ 0x0000000003f2e5cc [0x0000000003f2e4c0+0x10c]
J 2593 C1 java.lang.reflect.Method.invoke(Ljava/lang/Object;[Ljava/lang/Object;)Ljava/lang/Object; (62 bytes) @ 0x0000000003f2f2f4 [0x0000000003f2ef00+0x3f4]
j  org.uqbar.project.wollok.ui.utils.XTendUtilExtensions.invokeConvertingArgs(Ljava/lang/reflect/Method;Ljava/lang/Object;[Ljava/lang/Object;)Lorg/uqbar/project/wollok/interpreter/core/WollokObject;+265
j  org.uqbar.project.wollok.interpreter.AbstractWollokCallable._invokeNative(Ljava/lang/Object;Ljava/lang/String;[Lorg/uqbar/project/wollok/interpreter/core/WollokObject;)Lorg/uqbar/project/wollok/interpreter/core/WollokObject;+41
j  org.uqbar.project.wollok.interpreter.AbstractWollokCallable.invokeNative(Ljava/lang/Object;Ljava/lang/String;[Lorg/uqbar/project/wollok/interpreter/core/WollokObject;)Lorg/uqbar/project/wollok/interpreter/core/WollokObject;+26
j  org.uqbar.project.wollok.interpreter.AbstractWollokCallable$1.apply()Lorg/uqbar/project/wollok/interpreter/core/WollokObject;+55
j  org.uqbar.project.wollok.interpreter.AbstractWollokCallable$1.apply()Ljava/lang/Object;+1
j  org.uqbar.project.wollok.interpreter.threads.WThread.performOnStack(Lorg/eclipse/emf/ecore/EObject;Lorg/uqbar/project/wollok/interpreter/context/EvaluationContext;Lorg/eclipse/xtext/xbase/lib/Functions$Function0;)Lorg/uqbar/project/wollok/interpreter/core/WollokObject;+29
j  org.uqbar.project.wollok.interpreter.WollokInterpreter.performOnStack(Lorg/eclipse/emf/ecore/EObject;Lorg/uqbar/project/wollok/interpreter/context/EvaluationContext;Lorg/eclipse/xtext/xbase/lib/Functions$Function0;)Lorg/uqbar/project/wollok/interpreter/core/WollokObject;+7
j  org.uqbar.project.wollok.interpreter.AbstractWollokCallable.call(Lorg/uqbar/project/wollok/wollokDsl/WMethodDeclaration;[Lorg/uqbar/project/wollok/interpreter/core/WollokObject;)Lorg/uqbar/project/wollok/interpreter/core/WollokObject;+38
j  org.uqbar.project.wollok.interpreter.core.WollokObject.call(Ljava/lang/String;[Lorg/uqbar/project/wollok/interpreter/core/WollokObject;)Lorg/uqbar/project/wollok/interpreter/core/WollokObject;+55
j  org.uqbar.project.wollok.interpreter.WollokInterpreterEvaluator._evaluate(Lorg/uqbar/project/wollok/wollokDsl/WFeatureCall;)Lorg/uqbar/project/wollok/interpreter/core/WollokObject;+119
J 3378 C1 org.uqbar.project.wollok.launch.WollokLauncherInterpreterEvaluator.evaluate(Lorg/eclipse/emf/ecore/EObject;)Lorg/uqbar/project/wollok/interpreter/core/WollokObject; (502 bytes) @ 0x000000000416b9cc [0x00000000041677e0+0x41ec]
J 3379 C1 org.uqbar.project.wollok.interpreter.WollokInterpreter.eval(Lorg/eclipse/emf/ecore/EObject;)Lorg/uqbar/project/wollok/interpreter/core/WollokObject; (190 bytes) @ 0x0000000004161ce4 [0x0000000004161280+0xa64]
j  org.uqbar.project.wollok.interpreter.WollokInterpreterEvaluator.eval(Lorg/eclipse/emf/ecore/EObject;)Lorg/uqbar/project/wollok/interpreter/core/WollokObject;+5
j  org.uqbar.project.wollok.interpreter.WollokInterpreterEvaluator$1.apply(Lorg/uqbar/project/wollok/interpreter/core/WollokObject;Lorg/eclipse/emf/ecore/EObject;)Lorg/uqbar/project/wollok/interpreter/core/WollokObject;+5
j  org.uqbar.project.wollok.interpreter.WollokInterpreterEvaluator$1.apply(Ljava/lang/Object;Ljava/lang/Object;)Ljava/lang/Object;+9
j  org.eclipse.xtext.xbase.lib.IteratorExtensions.fold(Ljava/util/Iterator;Ljava/lang/Object;Lorg/eclipse/xtext/xbase/lib/Functions$Function2;)Ljava/lang/Object;+19
j  org.eclipse.xtext.xbase.lib.IterableExtensions.fold(Ljava/lang/Iterable;Ljava/lang/Object;Lorg/eclipse/xtext/xbase/lib/Functions$Function2;)Ljava/lang/Object;+8
j  org.uqbar.project.wollok.interpreter.WollokInterpreterEvaluator.evalAll(Ljava/lang/Iterable;)Lorg/uqbar/project/wollok/interpreter/core/WollokObject;+12
j  org.uqbar.project.wollok.interpreter.WollokInterpreterEvaluator._evaluate(Lorg/uqbar/project/wollok/wollokDsl/WBlockExpression;)Lorg/uqbar/project/wollok/interpreter/core/WollokObject;+34
J 3378 C1 org.uqbar.project.wollok.launch.WollokLauncherInterpreterEvaluator.evaluate(Lorg/eclipse/emf/ecore/EObject;)Lorg/uqbar/project/wollok/interpreter/core/WollokObject; (502 bytes) @ 0x000000000416f24c [0x00000000041677e0+0x7a6c]
J 3379 C1 org.uqbar.project.wollok.interpreter.WollokInterpreter.eval(Lorg/eclipse/emf/ecore/EObject;)Lorg/uqbar/project/wollok/interpreter/core/WollokObject; (190 bytes) @ 0x0000000004161ce4 [0x0000000004161280+0xa64]
j  org.uqbar.project.wollok.interpreter.AbstractWollokCallable.eval(Lorg/eclipse/emf/ecore/EObject;)Lorg/uqbar/project/wollok/interpreter/core/WollokObject;+5
j  org.uqbar.project.wollok.interpreter.AbstractWollokCallable$1.apply()Lorg/uqbar/project/wollok/interpreter/core/WollokObject;+110
j  org.uqbar.project.wollok.interpreter.AbstractWollokCallable$1.apply()Ljava/lang/Object;+1
j  org.uqbar.project.wollok.interpreter.threads.WThread.performOnStack(Lorg/eclipse/emf/ecore/EObject;Lorg/uqbar/project/wollok/interpreter/context/EvaluationContext;Lorg/eclipse/xtext/xbase/lib/Functions$Function0;)Lorg/uqbar/project/wollok/interpreter/core/WollokObject;+29
j  org.uqbar.project.wollok.interpreter.WollokInterpreter.performOnStack(Lorg/eclipse/emf/ecore/EObject;Lorg/uqbar/project/wollok/interpreter/context/EvaluationContext;Lorg/eclipse/xtext/xbase/lib/Functions$Function0;)Lorg/uqbar/project/wollok/interpreter/core/WollokObject;+7
j  org.uqbar.project.wollok.interpreter.AbstractWollokCallable.call(Lorg/uqbar/project/wollok/wollokDsl/WMethodDeclaration;[Lorg/uqbar/project/wollok/interpreter/core/WollokObject;)Lorg/uqbar/project/wollok/interpreter/core/WollokObject;+38
j  org.uqbar.project.wollok.interpreter.core.WollokObject.call(Ljava/lang/String;[Lorg/uqbar/project/wollok/interpreter/core/WollokObject;)Lorg/uqbar/project/wollok/interpreter/core/WollokObject;+55
j  org.uqbar.project.wollok.interpreter.WollokInterpreterEvaluator._evaluate(Lorg/uqbar/project/wollok/wollokDsl/WFeatureCall;)Lorg/uqbar/project/wollok/interpreter/core/WollokObject;+119
J 3378 C1 org.uqbar.project.wollok.launch.WollokLauncherInterpreterEvaluator.evaluate(Lorg/eclipse/emf/ecore/EObject;)Lorg/uqbar/project/wollok/interpreter/core/WollokObject; (502 bytes) @ 0x000000000416b9cc [0x00000000041677e0+0x41ec]
J 3379 C1 org.uqbar.project.wollok.interpreter.WollokInterpreter.eval(Lorg/eclipse/emf/ecore/EObject;)Lorg/uqbar/project/wollok/interpreter/core/WollokObject; (190 bytes) @ 0x0000000004161ce4 [0x0000000004161280+0xa64]
j  org.uqbar.project.wollok.interpreter.WollokInterpreterEvaluator.eval(Lorg/eclipse/emf/ecore/EObject;)Lorg/uqbar/project/wollok/interpreter/core/WollokObject;+5
j  org.uqbar.project.wollok.interpreter.WollokInterpreterEvaluator$1.apply(Lorg/uqbar/project/wollok/interpreter/core/WollokObject;Lorg/eclipse/emf/ecore/EObject;)Lorg/uqbar/project/wollok/interpreter/core/WollokObject;+5
j  org.uqbar.project.wollok.interpreter.WollokInterpreterEvaluator$1.apply(Ljava/lang/Object;Ljava/lang/Object;)Ljava/lang/Object;+9
j  org.eclipse.xtext.xbase.lib.IteratorExtensions.fold(Ljava/util/Iterator;Ljava/lang/Object;Lorg/eclipse/xtext/xbase/lib/Functions$Function2;)Ljava/lang/Object;+19
j  org.eclipse.xtext.xbase.lib.IterableExtensions.fold(Ljava/lang/Iterable;Ljava/lang/Object;Lorg/eclipse/xtext/xbase/lib/Functions$Function2;)Ljava/lang/Object;+8
j  org.uqbar.project.wollok.interpreter.WollokInterpreterEvaluator.evalAll(Ljava/lang/Iterable;)Lorg/uqbar/project/wollok/interpreter/core/WollokObject;+12
j  org.uqbar.project.wollok.interpreter.WollokInterpreterEvaluator._evaluate(Lorg/uqbar/project/wollok/wollokDsl/WProgram;)Lorg/uqbar/project/wollok/interpreter/core/WollokObject;+18
j  org.uqbar.project.wollok.launch.WollokLauncherInterpreterEvaluator.evaluate(Lorg/eclipse/emf/ecore/EObject;)Lorg/uqbar/project/wollok/interpreter/core/WollokObject;+444
j  org.uqbar.project.wollok.interpreter.WollokInterpreterEvaluator.evaluate(Lorg/eclipse/emf/ecore/EObject;)Ljava/lang/Object;+2
j  org.uqbar.project.wollok.interpreter.WollokInterpreter.eval(Lorg/eclipse/emf/ecore/EObject;)Lorg/uqbar/project/wollok/interpreter/core/WollokObject;+63
j  org.uqbar.project.wollok.interpreter.WollokInterpreterEvaluator.eval(Lorg/eclipse/emf/ecore/EObject;)Lorg/uqbar/project/wollok/interpreter/core/WollokObject;+5
j  org.uqbar.project.wollok.launch.WollokLauncherInterpreterEvaluator._evaluate(Lorg/uqbar/project/wollok/wollokDsl/WFile;)Lorg/uqbar/project/wollok/interpreter/core/WollokObject;+32
j  org.uqbar.project.wollok.launch.WollokLauncherInterpreterEvaluator.evaluate(Lorg/eclipse/emf/ecore/EObject;)Lorg/uqbar/project/wollok/interpreter/core/WollokObject;+428
j  org.uqbar.project.wollok.interpreter.WollokInterpreterEvaluator.evaluate(Lorg/eclipse/emf/ecore/EObject;)Ljava/lang/Object;+2
j  org.uqbar.project.wollok.interpreter.WollokInterpreter.interpret(Lorg/eclipse/emf/ecore/EObject;Ljava/lang/Boolean;)Lorg/uqbar/project/wollok/interpreter/core/WollokObject;+25
j  org.uqbar.project.wollok.interpreter.WollokInterpreter.interpret(Lorg/eclipse/emf/ecore/EObject;)Lorg/uqbar/project/wollok/interpreter/core/WollokObject;+8
j  org.uqbar.project.wollok.launch.WollokLauncher.doSomething(Lorg/uqbar/project/wollok/wollokDsl/WFile;Lcom/google/inject/Injector;Ljava/io/File;Lorg/uqbar/project/wollok/launch/WollokLauncherParameters;)V+57
j  org.uqbar.project.wollok.launch.WollokChecker.launch(Ljava/lang/String;Lorg/uqbar/project/wollok/launch/WollokLauncherParameters;)V+31
j  org.uqbar.project.wollok.launch.WollokChecker.doMain([Ljava/lang/String;)V+213
j  org.uqbar.project.wollok.launch.WollokLauncher.main([Ljava/lang/String;)V+8
v  ~StubRoutines::call_stub

---------------  P R O C E S S  ---------------

Java Threads: ( => current thread )
  0x0000000022462000 JavaThread "com.google.inject.internal.util.$Finalizer" daemon [_thread_blocked, id=10388, stack(0x00000000235b0000,0x00000000236b0000)]
  0x0000000022497000 JavaThread "EMF Reference Cleaner" daemon [_thread_blocked, id=7052, stack(0x00000000232b0000,0x00000000233b0000)]
  0x000000001f022000 JavaThread "Service Thread" daemon [_thread_blocked, id=15800, stack(0x00000000218e0000,0x00000000219e0000)]
  0x000000001ef5a800 JavaThread "C1 CompilerThread11" daemon [_thread_blocked, id=3848, stack(0x00000000217e0000,0x00000000218e0000)]
  0x000000001ef5a000 JavaThread "C1 CompilerThread10" daemon [_thread_blocked, id=5920, stack(0x00000000216e0000,0x00000000217e0000)]
  0x000000001ef58800 JavaThread "C1 CompilerThread9" daemon [_thread_blocked, id=6564, stack(0x00000000214e0000,0x00000000215e0000)]
  0x000000001ef57800 JavaThread "C1 CompilerThread8" daemon [_thread_blocked, id=4960, stack(0x00000000213e0000,0x00000000214e0000)]
  0x000000001ef57000 JavaThread "C2 CompilerThread7" daemon [_thread_blocked, id=16192, stack(0x00000000212e0000,0x00000000213e0000)]
  0x000000001ef56000 JavaThread "C2 CompilerThread6" daemon [_thread_blocked, id=16272, stack(0x00000000211e0000,0x00000000212e0000)]
  0x000000001ef59000 JavaThread "C2 CompilerThread5" daemon [_thread_blocked, id=15152, stack(0x00000000210e0000,0x00000000211e0000)]
  0x000000001ef5b800 JavaThread "C2 CompilerThread4" daemon [_thread_blocked, id=14856, stack(0x0000000020fe0000,0x00000000210e0000)]
  0x000000001ef4c000 JavaThread "C2 CompilerThread3" daemon [_thread_blocked, id=11072, stack(0x0000000020ee0000,0x0000000020fe0000)]
  0x000000001ef45000 JavaThread "C2 CompilerThread2" daemon [_thread_blocked, id=3976, stack(0x0000000020de0000,0x0000000020ee0000)]
  0x000000001ef44000 JavaThread "C2 CompilerThread1" daemon [_thread_blocked, id=8632, stack(0x0000000020ce0000,0x0000000020de0000)]
  0x000000001ef42800 JavaThread "C2 CompilerThread0" daemon [_thread_blocked, id=10572, stack(0x0000000020be0000,0x0000000020ce0000)]
  0x000000001ef41800 JavaThread "Attach Listener" daemon [_thread_blocked, id=14060, stack(0x0000000020ae0000,0x0000000020be0000)]
  0x000000001ef3e800 JavaThread "Signal Dispatcher" daemon [_thread_blocked, id=5848, stack(0x00000000209e0000,0x0000000020ae0000)]
  0x000000001ef26800 JavaThread "Finalizer" daemon [_thread_blocked, id=16964, stack(0x00000000207c0000,0x00000000208c0000)]
  0x000000001d494800 JavaThread "Reference Handler" daemon [_thread_blocked, id=10052, stack(0x00000000206c0000,0x00000000207c0000)]
=>0x0000000003396800 JavaThread "main" [_thread_in_native, id=15244, stack(0x0000000003250000,0x0000000003350000)]

Other Threads:
  0x000000001ef05000 VMThread [stack: 0x00000000205c0000,0x00000000206c0000] [id=12064]
  0x000000001f098800 WatcherThread [stack: 0x00000000219e0000,0x0000000021ae0000] [id=17220]

VM state:not at safepoint (normal execution)

VM Mutex/Monitor currently owned by a thread: None

heap address: 0x00000006c0c00000, size: 4084 MB, Compressed Oops mode: Zero based, Oop shift amount: 3
Narrow klass base: 0x0000000000000000, Narrow klass shift: 3
Compressed class space size: 1073741824 Address: 0x00000007c0000000

Heap:
 PSYoungGen      total 141824K, used 76594K [0x000000076af00000, 0x0000000774400000, 0x00000007c0000000)
  eden space 131072K, 50% used [0x000000076af00000,0x000000076ef4f2a8,0x0000000772f00000)
  from space 10752K, 99% used [0x0000000773980000,0x00000007743fd5f0,0x0000000774400000)
  to   space 10752K, 0% used [0x0000000772f00000,0x0000000772f00000,0x0000000773980000)
 ParOldGen       total 175104K, used 15272K [0x00000006c0c00000, 0x00000006cb700000, 0x000000076af00000)
  object space 175104K, 8% used [0x00000006c0c00000,0x00000006c1aea2b0,0x00000006cb700000)
 Metaspace       used 20154K, capacity 20364K, committed 20608K, reserved 1067008K
  class space    used 2588K, capacity 2650K, committed 2688K, reserved 1048576K

Card table byte_map: [0x0000000012850000,0x0000000013050000] byte_map_base: 0x000000000f24a000

Marking Bits: (ParMarkBitMap*) 0x0000000074805ce0
 Begin Bits: [0x00000000142b0000, 0x0000000018280000)
 End Bits:   [0x0000000018280000, 0x000000001c250000)

Polling page: 0x0000000001300000

CodeCache: size=245760Kb used=14153Kb max_used=14170Kb free=231606Kb
 bounds [0x0000000003490000, 0x0000000004280000, 0x0000000012490000]
 total_blobs=3938 nmethods=3515 adapters=333
 compilation: enabled

Compilation events (10 events):
Event: 2.526 Thread 0x000000001ef4c000 3510       4       java.util.concurrent.ConcurrentHashMap::addCount (292 bytes)
Event: 2.526 Thread 0x000000001ef58800 3511       3       java.nio.DirectByteBuffer::put (18 bytes)
Event: 2.526 Thread 0x000000001ef5a000 3512       3       java.nio.DirectByteBuffer::ix (10 bytes)
Event: 2.526 Thread 0x000000001ef5a000 nmethod 3512 0x0000000004216890 code [0x00000000042169e0, 0x0000000004216b30]
Event: 2.526 Thread 0x000000001ef58800 nmethod 3511 0x0000000004216390 code [0x0000000004216500, 0x0000000004216770]
Event: 2.528 Thread 0x000000001ef57800 3514       3       java.nio.DirectByteBuffer::put (18 bytes)
Event: 2.528 Thread 0x000000001ef5a800 3515       1       java.nio.DirectByteBuffer::ix (10 bytes)
Event: 2.528 Thread 0x000000001ef5a800 nmethod 3515 0x00000000042160d0 code [0x0000000004216220, 0x0000000004216330]
Event: 2.528 Thread 0x000000001ef57800 nmethod 3514 0x0000000004215bd0 code [0x0000000004215d40, 0x0000000004215fb0]
Event: 2.532 Thread 0x000000001ef4c000 nmethod 3510 0x00000000042127d0 code [0x0000000004212940, 0x0000000004212b90]

GC Heap History (4 events):
Event: 0.753 GC heap before
{Heap before GC invocations=1 (full 0):
 PSYoungGen      total 76288K, used 65536K [0x000000076af00000, 0x0000000770400000, 0x00000007c0000000)
  eden space 65536K, 100% used [0x000000076af00000,0x000000076ef00000,0x000000076ef00000)
  from space 10752K, 0% used [0x000000076f980000,0x000000076f980000,0x0000000770400000)
  to   space 10752K, 0% used [0x000000076ef00000,0x000000076ef00000,0x000000076f980000)
 ParOldGen       total 175104K, used 0K [0x00000006c0c00000, 0x00000006cb700000, 0x000000076af00000)
  object space 175104K, 0% used [0x00000006c0c00000,0x00000006c0c00000,0x00000006cb700000)
 Metaspace       used 8267K, capacity 8398K, committed 8576K, reserved 1056768K
  class space    used 1025K, capacity 1045K, committed 1152K, reserved 1048576K
Event: 0.762 GC heap after
Heap after GC invocations=1 (full 0):
 PSYoungGen      total 76288K, used 10723K [0x000000076af00000, 0x0000000774400000, 0x00000007c0000000)
  eden space 65536K, 0% used [0x000000076af00000,0x000000076af00000,0x000000076ef00000)
  from space 10752K, 99% used [0x000000076ef00000,0x000000076f978fc8,0x000000076f980000)
  to   space 10752K, 0% used [0x0000000773980000,0x0000000773980000,0x0000000774400000)
 ParOldGen       total 175104K, used 3994K [0x00000006c0c00000, 0x00000006cb700000, 0x000000076af00000)
  object space 175104K, 2% used [0x00000006c0c00000,0x00000006c0fe6a40,0x00000006cb700000)
 Metaspace       used 8267K, capacity 8398K, committed 8576K, reserved 1056768K
  class space    used 1025K, capacity 1045K, committed 1152K, reserved 1048576K
}
Event: 1.495 GC heap before
{Heap before GC invocations=2 (full 0):
 PSYoungGen      total 76288K, used 76259K [0x000000076af00000, 0x0000000774400000, 0x00000007c0000000)
  eden space 65536K, 100% used [0x000000076af00000,0x000000076ef00000,0x000000076ef00000)
  from space 10752K, 99% used [0x000000076ef00000,0x000000076f978fc8,0x000000076f980000)
  to   space 10752K, 0% used [0x0000000773980000,0x0000000773980000,0x0000000774400000)
 ParOldGen       total 175104K, used 3994K [0x00000006c0c00000, 0x00000006cb700000, 0x000000076af00000)
  object space 175104K, 2% used [0x00000006c0c00000,0x00000006c0fe6a40,0x00000006cb700000)
 Metaspace       used 15004K, capacity 15190K, committed 15360K, reserved 1062912K
  class space    used 1964K, capacity 2017K, committed 2048K, reserved 1048576K
Event: 1.510 GC heap after
Heap after GC invocations=2 (full 0):
 PSYoungGen      total 141824K, used 10741K [0x000000076af00000, 0x0000000774400000, 0x00000007c0000000)
  eden space 131072K, 0% used [0x000000076af00000,0x000000076af00000,0x0000000772f00000)
  from space 10752K, 99% used [0x0000000773980000,0x00000007743fd5f0,0x0000000774400000)
  to   space 10752K, 0% used [0x0000000772f00000,0x0000000772f00000,0x0000000773980000)
 ParOldGen       total 175104K, used 15272K [0x00000006c0c00000, 0x00000006cb700000, 0x000000076af00000)
  object space 175104K, 8% used [0x00000006c0c00000,0x00000006c1aea2b0,0x00000006cb700000)
 Metaspace       used 15004K, capacity 15190K, committed 15360K, reserved 1062912K
  class space    used 1964K, capacity 2017K, committed 2048K, reserved 1048576K
}

Deoptimization events (10 events):
Event: 1.895 Thread 0x0000000003396800 Uncommon trap: reason=class_check action=maybe_recompile pc=0x0000000003e08bf0 method=org.eclipse.xtext.nodemodel.impl.NodeModelBuilder.addChild(Lorg/eclipse/xtext/nodemodel/ICompositeNode;Lorg/eclipse/xtext/nodemodel/impl/AbstractNode;)V @ 6
Event: 1.897 Thread 0x0000000003396800 Uncommon trap: reason=unstable_if action=reinterpret pc=0x0000000003e08394 method=org.antlr.runtime.CommonTokenStream.skipOffTokenChannels(I)I @ 12
Event: 1.901 Thread 0x0000000003396800 Uncommon trap: reason=class_check action=maybe_recompile pc=0x0000000003e08bf0 method=org.eclipse.xtext.nodemodel.impl.NodeModelBuilder.addChild(Lorg/eclipse/xtext/nodemodel/ICompositeNode;Lorg/eclipse/xtext/nodemodel/impl/AbstractNode;)V @ 6
Event: 1.920 Thread 0x0000000003396800 Uncommon trap: reason=class_check action=maybe_recompile pc=0x0000000003e08bf0 method=org.eclipse.xtext.nodemodel.impl.NodeModelBuilder.addChild(Lorg/eclipse/xtext/nodemodel/ICompositeNode;Lorg/eclipse/xtext/nodemodel/impl/AbstractNode;)V @ 6
Event: 2.002 Thread 0x0000000003396800 Uncommon trap: reason=unstable_if action=reinterpret pc=0x0000000003f501dc method=org.eclipse.emf.common.notify.impl.NotifierImpl.eAdapters()Lorg/eclipse/emf/common/util/EList; @ 4
Event: 2.007 Thread 0x0000000003396800 Uncommon trap: reason=class_check action=maybe_recompile pc=0x0000000003d72444 method=org.eclipse.xtext.nodemodel.impl.NodeModelBuilder.addChild(Lorg/eclipse/xtext/nodemodel/ICompositeNode;Lorg/eclipse/xtext/nodemodel/impl/AbstractNode;)V @ 6
Event: 2.011 Thread 0x0000000003396800 Uncommon trap: reason=null_check action=make_not_entrant pc=0x0000000003f6e1cc method=org.eclipse.xtext.util.OnChangeEvictingCache.getOrCreate(Lorg/eclipse/emf/ecore/resource/Resource;)Lorg/eclipse/xtext/util/OnChangeEvictingCache$CacheAdapter; @ 11
Event: 2.092 Thread 0x0000000003396800 Uncommon trap: reason=unstable_if action=reinterpret pc=0x0000000003bb50fc method=java.util.concurrent.ConcurrentHashMap.putVal(Ljava/lang/Object;Ljava/lang/Object;Z)Ljava/lang/Object; @ 181
Event: 2.183 Thread 0x0000000003396800 Uncommon trap: reason=unstable_if action=reinterpret pc=0x000000000401b414 method=org.uqbar.project.wollok.wollokDsl.impl.WMemberFeatureCallImpl.eIsSet(I)Z @ 104
Event: 2.369 Thread 0x0000000003396800 Uncommon trap: reason=unstable_if action=reinterpret pc=0x0000000003c903e4 method=sun.security.provider.DigestBase.engineUpdate([BII)V @ 1

Classes redefined (0 events):
No events

Internal exceptions (10 events):
Event: 2.187 Thread 0x0000000003396800 Exception <a 'java/lang/reflect/InvocationTargetException'> (0x000000076dd06758) thrown at [C:\re\workspace\8-2-build-windows-amd64-cygwin\jdk8u221\13320\hotspot\src\share\vm\runtime\reflection.cpp, line 1092]
Event: 2.189 Thread 0x0000000003396800 Exception <a 'java/lang/reflect/InvocationTargetException'> (0x000000076dd43cb8) thrown at [C:\re\workspace\8-2-build-windows-amd64-cygwin\jdk8u221\13320\hotspot\src\share\vm\runtime\reflection.cpp, line 1092]
Event: 2.190 Thread 0x0000000003396800 Exception <a 'java/lang/reflect/InvocationTargetException'> (0x000000076dd5dbd0) thrown at [C:\re\workspace\8-2-build-windows-amd64-cygwin\jdk8u221\13320\hotspot\src\share\vm\runtime\reflection.cpp, line 1092]
Event: 2.190 Thread 0x0000000003396800 Exception <a 'java/lang/reflect/InvocationTargetException'> (0x000000076dd77b28) thrown at [C:\re\workspace\8-2-build-windows-amd64-cygwin\jdk8u221\13320\hotspot\src\share\vm\runtime\reflection.cpp, line 1092]
Event: 2.537 Thread 0x0000000003396800 Exception <a 'java/security/PrivilegedActionException'> (0x000000076eeaf6d0) thrown at [C:\re\workspace\8-2-build-windows-amd64-cygwin\jdk8u221\13320\hotspot\src\share\vm\prims\jvm.cpp, line 1502]
Event: 2.537 Thread 0x0000000003396800 Exception <a 'java/security/PrivilegedActionException'> (0x000000076eeb0c00) thrown at [C:\re\workspace\8-2-build-windows-amd64-cygwin\jdk8u221\13320\hotspot\src\share\vm\prims\jvm.cpp, line 1502]
Event: 2.537 Thread 0x0000000003396800 Exception <a 'java/security/PrivilegedActionException'> (0x000000076eeb2030) thrown at [C:\re\workspace\8-2-build-windows-amd64-cygwin\jdk8u221\13320\hotspot\src\share\vm\prims\jvm.cpp, line 1502]
Event: 2.537 Thread 0x0000000003396800 Exception <a 'java/security/PrivilegedActionException'> (0x000000076eeb36f0) thrown at [C:\re\workspace\8-2-build-windows-amd64-cygwin\jdk8u221\13320\hotspot\src\share\vm\prims\jvm.cpp, line 1502]
Event: 2.537 Thread 0x0000000003396800 Exception <a 'java/security/PrivilegedActionException'> (0x000000076eeb4ae8) thrown at [C:\re\workspace\8-2-build-windows-amd64-cygwin\jdk8u221\13320\hotspot\src\share\vm\prims\jvm.cpp, line 1502]
Event: 2.537 Thread 0x0000000003396800 Exception <a 'java/security/PrivilegedActionException'> (0x000000076eeb5eb0) thrown at [C:\re\workspace\8-2-build-windows-amd64-cygwin\jdk8u221\13320\hotspot\src\share\vm\prims\jvm.cpp, line 1502]

Events (10 events):
Event: 2.568 loading class org/lwjgl/openal/ALCdevice
Event: 2.568 loading class org/lwjgl/openal/ALCdevice done
Event: 2.568 loading class org/lwjgl/openal/ALCcontext
Event: 2.568 loading class org/lwjgl/openal/ALCcontext done
Event: 2.569 loading class java/nio/DirectIntBufferU
Event: 2.569 loading class java/nio/DirectIntBufferU done
Event: 2.569 loading class org/lwjgl/openal/Util
Event: 2.569 loading class org/lwjgl/openal/Util done
Event: 2.569 loading class org/lwjgl/openal/OpenALException
Event: 2.569 loading class org/lwjgl/openal/OpenALException done


Dynamic libraries:
0x00007ff735cb0000 - 0x00007ff735ce7000 	C:\Program Files\Java\jre1.8.0_221\bin\javaw.exe
0x00007ffbc1d50000 - 0x00007ffbc1f3d000 	C:\Windows\SYSTEM32\ntdll.dll
0x00007ffbbfaf0000 - 0x00007ffbbfba3000 	C:\Windows\System32\KERNEL32.DLL
0x00007ffbbe1d0000 - 0x00007ffbbe463000 	C:\Windows\System32\KERNELBASE.dll
0x00007ffbbf380000 - 0x00007ffbbf423000 	C:\Windows\System32\ADVAPI32.dll
0x00007ffbbf900000 - 0x00007ffbbf99e000 	C:\Windows\System32\msvcrt.dll
0x00007ffbc1740000 - 0x00007ffbc17de000 	C:\Windows\System32\sechost.dll
0x00007ffbbf9a0000 - 0x00007ffbbfac2000 	C:\Windows\System32\RPCRT4.dll
0x00007ffbbf430000 - 0x00007ffbbf5c7000 	C:\Windows\System32\USER32.dll
0x00007ffbbe520000 - 0x00007ffbbe540000 	C:\Windows\System32\win32u.dll
0x00007ffbc0160000 - 0x00007ffbc0189000 	C:\Windows\System32\GDI32.dll
0x00007ffbbdee0000 - 0x00007ffbbe079000 	C:\Windows\System32\gdi32full.dll
0x00007ffbbec90000 - 0x00007ffbbed30000 	C:\Windows\System32\msvcp_win.dll
0x00007ffbbe0d0000 - 0x00007ffbbe1ca000 	C:\Windows\System32\ucrtbase.dll
0x00007ffbb1e60000 - 0x00007ffbb20d9000 	C:\Windows\WinSxS\amd64_microsoft.windows.common-controls_6595b64144ccf1df_6.0.17763.737_none_05b6437c071e554b\COMCTL32.dll
0x00007ffbc1840000 - 0x00007ffbc1b6c000 	C:\Windows\System32\combase.dll
0x00007ffbbde60000 - 0x00007ffbbdede000 	C:\Windows\System32\bcryptPrimitives.dll
0x00007ffbbf5e0000 - 0x00007ffbbf60e000 	C:\Windows\System32\IMM32.DLL
0x0000000073e20000 - 0x0000000073ef2000 	C:\Program Files\Java\jre1.8.0_221\bin\msvcr100.dll
0x0000000073fe0000 - 0x0000000074885000 	C:\Program Files\Java\jre1.8.0_221\bin\server\jvm.dll
0x00007ffbbf5d0000 - 0x00007ffbbf5d8000 	C:\Windows\System32\PSAPI.DLL
0x00007ffbb12a0000 - 0x00007ffbb12a9000 	C:\Windows\SYSTEM32\WSOCK32.dll
0x00007ffbb9bb0000 - 0x00007ffbb9bba000 	C:\Windows\SYSTEM32\VERSION.dll
0x00007ffbb23e0000 - 0x00007ffbb2404000 	C:\Windows\SYSTEM32\WINMM.dll
0x00007ffbc1c50000 - 0x00007ffbc1cbd000 	C:\Windows\System32\WS2_32.dll
0x00007ffbb23b0000 - 0x00007ffbb23dd000 	C:\Windows\SYSTEM32\WINMMBASE.dll
0x00007ffbbe080000 - 0x00007ffbbe0ca000 	C:\Windows\System32\cfgmgr32.dll
0x00007ffbb01c0000 - 0x00007ffbb01cf000 	C:\Program Files\Java\jre1.8.0_221\bin\verify.dll
0x00007ffb9c240000 - 0x00007ffb9c269000 	C:\Program Files\Java\jre1.8.0_221\bin\java.dll
0x00007ffb9d370000 - 0x00007ffb9d386000 	C:\Program Files\Java\jre1.8.0_221\bin\zip.dll
0x00007ffbc0190000 - 0x00007ffbc1682000 	C:\Windows\System32\SHELL32.dll
0x00007ffbc1690000 - 0x00007ffbc1738000 	C:\Windows\System32\shcore.dll
0x00007ffbbe540000 - 0x00007ffbbec8a000 	C:\Windows\System32\windows.storage.dll
0x00007ffbbdde0000 - 0x00007ffbbde04000 	C:\Windows\System32\profapi.dll
0x00007ffbbdd40000 - 0x00007ffbbdd9d000 	C:\Windows\System32\powrprof.dll
0x00007ffbbf320000 - 0x00007ffbbf372000 	C:\Windows\System32\shlwapi.dll
0x00007ffbbdda0000 - 0x00007ffbbddb1000 	C:\Windows\System32\kernel.appcore.dll
0x00007ffbbde10000 - 0x00007ffbbde27000 	C:\Windows\System32\cryptsp.dll
0x0000000065580000 - 0x0000000065616000 	C:\Users\Franco\AppData\Local\Temp\libgdxFranco\12dfaa03\gdx64.dll
0x00007ffbbd0d0000 - 0x00007ffbbd103000 	C:\Windows\system32\rsaenh.dll
0x00007ffbbde30000 - 0x00007ffbbde56000 	C:\Windows\System32\bcrypt.dll
0x00007ffbbdc40000 - 0x00007ffbbdc68000 	C:\Windows\SYSTEM32\USERENV.dll
0x00007ffbbd720000 - 0x00007ffbbd72c000 	C:\Windows\SYSTEM32\CRYPTBASE.dll
0x00007ffb9c1f0000 - 0x00007ffb9c20a000 	C:\Program Files\Java\jre1.8.0_221\bin\net.dll
0x00007ffbb68e0000 - 0x00007ffbb6ab7000 	C:\Windows\SYSTEM32\urlmon.dll
0x00007ffbb4340000 - 0x00007ffbb45e8000 	C:\Windows\SYSTEM32\iertutil.dll
0x00007ffbbd550000 - 0x00007ffbbd5b7000 	C:\Windows\system32\mswsock.dll
0x00007ffbbd270000 - 0x00007ffbbd2ad000 	C:\Windows\SYSTEM32\IPHLPAPI.DLL
0x00007ffbbf610000 - 0x00007ffbbf618000 	C:\Windows\System32\NSI.dll
0x00007ffbba4a0000 - 0x00007ffbba4b6000 	C:\Windows\SYSTEM32\dhcpcsvc6.DLL
0x00007ffbba460000 - 0x00007ffbba47c000 	C:\Windows\SYSTEM32\dhcpcsvc.DLL
0x00007ffbbd2b0000 - 0x00007ffbbd376000 	C:\Windows\SYSTEM32\DNSAPI.dll
0x00007ffb9c020000 - 0x00007ffb9c032000 	C:\Program Files\Java\jre1.8.0_221\bin\nio.dll
0x0000000180000000 - 0x0000000180053000 	C:\Users\Franco\AppData\Local\Temp\libgdxFranco\dc0f0009\lwjgl64.dll
0x00007ffb995b0000 - 0x00007ffb996d7000 	C:\Windows\SYSTEM32\OPENGL32.dll
0x00007ffbb1bb0000 - 0x00007ffbb1bdc000 	C:\Windows\SYSTEM32\GLU32.dll
0x00000000292d0000 - 0x0000000029334000 	C:\Users\Franco\AppData\Local\Temp\libgdxFranco\dc0f0009\OpenAL64.dll
0x00007ffbbf050000 - 0x00007ffbbf1a5000 	C:\Windows\System32\ole32.dll
0x00007ffbbc330000 - 0x00007ffbbc3cc000 	C:\Windows\system32\uxtheme.dll
0x00007ffbbf6a0000 - 0x00007ffbbf742000 	C:\Windows\System32\clbcatq.dll
0x00007ffbb9210000 - 0x00007ffbb93b9000 	C:\Windows\System32\PROPSYS.dll
0x00007ffbbef70000 - 0x00007ffbbf034000 	C:\Windows\System32\OLEAUT32.dll
0x00007ffbb42a0000 - 0x00007ffbb4336000 	C:\Windows\SYSTEM32\dsound.dll
0x00007ffbb93c0000 - 0x00007ffbb9430000 	C:\Windows\System32\MMDevApi.dll
0x00007ffbbdaf0000 - 0x00007ffbbdb19000 	C:\Windows\System32\DEVOBJ.dll
0x00007ffbb9440000 - 0x00007ffbb9588000 	C:\Windows\SYSTEM32\AUDIOSES.DLL
0x00007ffbb9910000 - 0x00007ffbb9a63000 	C:\Windows\SYSTEM32\wintypes.dll
0x00007ffbb9430000 - 0x00007ffbb943a000 	C:\Windows\SYSTEM32\AVRT.dll
0x00007ffbb7d90000 - 0x00007ffbb7f7d000 	C:\Windows\SYSTEM32\dbghelp.dll

VM Arguments:
jvm_args: -Duser.language=es_AR -Dfile.encoding=UTF-8 
java_command: org.uqbar.project.wollok.launch.WollokLauncher -requestsPort 0 -eventsPort 0 -folder -dontValidate -wf src/langradigmas.wpgm
java_class_path (initial): C:\Users\Franco\git\2019-o-tpi-juego-alpastoelchicken\bin;C:\Users\Franco\Documents\Facultad\Paradigmas\wollok\plugins\com.ibm.icu_56.1.0.v201601250100.jar;C:\Users\Franco\Documents\Facultad\Paradigmas\wollok\plugins\org.eclipse.xtext_2.11.0.v20170130-0808.jar;C:\Users\Franco\Documents\Facultad\Paradigmas\wollok\plugins\org.eclipse.emf.ecore.xmi_2.12.0.v20160420-0247.jar;C:\Users\Franco\Documents\Facultad\Paradigmas\wollok\plugins\org.eclipse.emf.ecore_2.12.0.v20160420-0247.jar;C:\Users\Franco\Documents\Facultad\Paradigmas\wollok\plugins\org.eclipse.emf.common_2.12.0.v20160420-0247.jar;C:\Users\Franco\Documents\Facultad\Paradigmas\wollok\plugins\org.antlr.runtime_3.2.0.v201101311130.jar;C:\Users\Franco\Documents\Facultad\Paradigmas\wollok\plugins\com.google.inject_3.0.0.v201605172100.jar;C:\Users\Franco\Documents\Facultad\Paradigmas\wollok\plugins\org.eclipse.emf.mwe.core_1.5.0.201906111547.jar;C:\Users\Franco\Documents\Facultad\Paradigmas\wollok\plugins\org.apache.commons.cli_1.2.0.v201404270220.jar;C:\Users\Franco\Documents\Facultad\Paradigmas\wollok\plugins\org.eclipse.emf.mwe2.runtime_2.11.0.201906111547.jar;C:\Users\Franco\Documents\Facultad\Paradigmas\wollok\plugins\org.eclipse.emf.mwe.utils_1.5.0.201906111547.jar;C:\Users\Franco\Documents\Facultad\Paradigmas\wollok\plugins\org.eclipse.xtext.util_2.11.0.v20170130-0808.jar;C:\Users\Franco\Documents\Facultad\Paradigmas\wollok\plugins\com.google.guava_15.0.0.v201403281430.jar;C:\Users\Franco\Documents\Facultad\Paradigmas\wollok\plugins\javax.inject_1.0.0.v20091030.jar;C:\Users\Franco\Documents\Facultad\Paradigmas\wollok\plugins\org.eclipse.xtext.generator_2.11.0.v20170131-1210.jar;C:\Users\Franco\Documents\Facultad\Paradigmas\wollok\plugins\org.eclipse.xtext.xtext.generator_2.11.0.v20170130-0808.jar;C:\Users\Franco\Documents\Facultad\Paradigmas\wollok\plugins\org.eclipse.xtext.xbase.lib_2.11.0.v20170124-1424.jar;C:\Users\Franco\Documents\Facultad\Paradigmas\wollok\plugins\org.eclipse.
Launcher Type: SUN_STANDARD

Environment Variables:
PATH=C:/Program Files/Java/jre1.8.0_221/bin/server;C:/Program Files/Java/jre1.8.0_221/bin;C:/Program Files/Java/jre1.8.0_221/lib/amd64;C:\Program Files (x86)\Common Files\Oracle\Java\javapath;C:\Windows\system32;C:\Windows;C:\Windows\System32\Wbem;C:\Windows\System32\WindowsPowerShell\v1.0\;C:\Windows\System32\OpenSSH\;C:\Program Files (x86)\NVIDIA Corporation\PhysX\Common;C:\Program Files\NVIDIA Corporation\NVIDIA NvDLISR;C:\Program Files\Git\cmd;C:\Program Files\nodejs\;C:\Program Files (x86)\GnuWin32\bin;C:\Users\Franco\AppData\Local\Microsoft\WindowsApps;;C:\Users\Franco\AppData\Local\Programs\Microsoft VS Code\bin;C:\Users\Franco\AppData\Roaming\npm;C:\Users\Franco\Documents\Facultad\Paradigmas\wollok;
USERNAME=Franco
OS=Windows_NT
PROCESSOR_IDENTIFIER=AMD64 Family 23 Model 1 Stepping 1, AuthenticAMD



---------------  S Y S T E M  ---------------

OS: Windows 10.0 , 64 bit Build 17763 (10.0.17763.475)

CPU:total 16 (initial active 16) (16 cores per cpu, 1 threads per core) family 23 model 1 stepping 1, cmov, cx8, fxsr, mmx, sse, sse2, sse3, ssse3, sse4.1, sse4.2, popcnt, avx, avx2, aes, clmul, mmxext, 3dnowpref, lzcnt, sse4a, tsc, tscinvbit, tscinv, bmi1

Memory: 4k page, physical 16727416k(9967576k free), swap 19217784k(8630964k free)

vm_info: Java HotSpot(TM) 64-Bit Server VM (25.221-b11) for windows-amd64 JRE (1.8.0_221-b11), built on Jul  4 2019 04:39:29 by "java_re" with MS VC++ 10.0 (VS2010)

time: Sun Sep 29 13:04:01 2019
timezone: Hora estándar de Argentina
elapsed time: 2 seconds (0d 0h 0m 2s)

